#
# A fatal error has been detected by the Java Runtime Environment:
#
#  SIGBUS (0x7) at pc=0x00007f7839b3b115 (sent by kill), pid=68090, tid=68090
#
# JRE version: Java(TM) SE Runtime Environment (22.0+36) (build 22+36-2370)
# Java VM: Java HotSpot(TM) 64-Bit Server VM (22+36-2370, mixed mode, emulated-client, sharing, tiered, compressed oops, compressed class ptrs, g1 gc, linux-amd64)
# Problematic frame:
# C  [libc.so.6+0x91115]
#
# No core dump will be written. Core dumps have been disabled. To enable core dumping, try "ulimit -c unlimited" before starting Java again
#
# If you would like to submit a bug report, please visit:
#   https://bugreport.java.com/bugreport/crash.jsp
#

---------------  S U M M A R Y ------------

Command Line: -XX:TieredStopAtLevel=1 com.src.barberpoint.BarberpointApplication

Host: AMD Ryzen 7 5800HS with Radeon Graphics, 16 cores, 7G, Ubuntu 22.04.3 LTS
Time: Wed Apr 10 21:35:29 2024 -03 elapsed time: 169.695368 seconds (0d 0h 2m 49s)

---------------  T H R E A D  ---------------

Current thread is native thread

Stack: [0x00007fffe8694000,0x00007fffe8e91000],  sp=0x00007fffe8e8c950,  free space=8162k
Native frames: (J=compiled Java code, j=interpreted, Vv=VM code, C=native code)
C  [libc.so.6+0x91115]

siginfo: si_signo: 7 (SIGBUS), si_code: 0 (SI_USER), si_pid: 68903, si_uid: 1000

Registers:
RAX=0x00000000000000ca, RBX=0x00007f7838508640, RCX=0x00007f7839b3b117, RDX=0x00000000000109fb
RSP=0x00007fffe8e8c950, RBP=0x00007fffe8e8ca18, RSI=0x0000000000000109, RDI=0x00007f7838508910
R8 =0x0000000000000000, R9 =0x00000000ffffffff, R10=0x0000000000000000, R11=0x0000000000000246
R12=0x0000000000000000, R13=0x00000000000109fb, R14=0x0000000000000000, R15=0x0000000000000000
RIP=0x00007f7839b3b115, EFLAGS=0x0000000000000246, CSGSFS=0x002b000000000033, ERR=0x0000000000000004
  TRAPNO=0x000000000000000e


Top of Stack: (sp=0x00007fffe8e8c950)
0x00007fffe8e8c950:   0000000000000000 0000010900000000
0x00007fffe8e8c960:   00007f7838508910 0000000000000000
0x00007fffe8e8c970:   00007f7838508640 0000000000100000
0x00007fffe8e8c980:   00007f7838508910 00007f7839b40624
0x00007fffe8e8c990:   ffffffffffffffff 00007fffe8e8c9a0
0x00007fffe8e8c9a0:   00007f7839b404d0 00007f7838508c68
0x00007fffe8e8c9b0:   000055b3ffffffff 0000000000000000
0x00007fffe8e8c9c0:   ffffffff00000000 709699b77bbae500
0x00007fffe8e8c9d0:   0000000000000000 00007fffe8e8ca20
0x00007fffe8e8c9e0:   00007fffe8e8ca80 0000000000100000
0x00007fffe8e8c9f0:   00007fffe8e8caa0 0000000000000001
0x00007fffe8e8ca00:   000055b37f7fac88 00007f7839ce5abe
0x00007fffe8e8ca10:   00007f7838508640 00007f7839c1eb63
0x00007fffe8e8ca20:   0000000000000000 0000000000000000
0x00007fffe8e8ca30:   0000000000000000 0000000000000000
0x00007fffe8e8ca40:   0000000000100000 0000000000000000
0x00007fffe8e8ca50:   0000000000000000 709699b77bbae500
0x00007fffe8e8ca60:   00007fffe8e8cae0 00007fffe8e8cba0
0x00007fffe8e8ca70:   000055b37f7faa10 0000000000000000
0x00007fffe8e8ca80:   00007fffe8e8cb30 00007f7839ce2c6d
0x00007fffe8e8ca90:   000000000000005a 00007fffe8e8caa0
0x00007fffe8e8caa0:   0000000000000000 000055b37f7fac88
0x00007fffe8e8cab0:   0000000000000001 000055b37f7faa10
0x00007fffe8e8cac0:   00007f7838f8c620 00007f7838f8c5e0
0x00007fffe8e8cad0:   00007f7838f8c890 0000000000000000
0x00007fffe8e8cae0:   0000000000000000 0000000000000000
0x00007fffe8e8caf0:   0000000000000000 0000000000000000
0x00007fffe8e8cb00:   00007fffe8e8cb40 000055b37f7faa10
0x00007fffe8e8cb10:   0000000000000000 0000000000000001
0x00007fffe8e8cb20:   000055b37f7fac88 000055b37f7faa10
0x00007fffe8e8cb30:   00007fffe8e90c90 00007f7839ce40d1
0x00007fffe8e8cb40:   0000000000000000 00007f7839ce40a0 

Instructions: (pc=0x00007f7839b3b115)
0x00007f7839b3b015:   c3 66 2e 0f 1f 84 00 00 00 00 00 48 83 39 00 79
0x00007f7839b3b025:   89 b8 6e 00 00 00 c3 0f 1f 40 00 f3 0f 1e fa 41
0x00007f7839b3b035:   55 41 89 f5 41 54 53 48 83 ec 20 48 85 c9 0f 85
0x00007f7839b3b045:   e7 00 00 00 83 fa 01 0f 87 7e 00 00 00 c1 e2 08
0x00007f7839b3b055:   89 d6 81 f6 00 01 00 00 40 80 ce 89 44 31 c6 64
0x00007f7839b3b065:   8b 04 25 18 00 00 00 85 c0 75 70 41 b9 ff ff ff
0x00007f7839b3b075:   ff 45 31 c0 49 89 ca 44 89 ea b8 ca 00 00 00 0f
0x00007f7839b3b085:   05 48 89 c3 89 d8 85 db 7f 13 83 fb ea 7c 1c 83
0x00007f7839b3b095:   c3 16 ba 01 08 44 00 48 0f a3 da 72 18 48 8d 3d
0x00007f7839b3b0a5:   5f cc 14 00 e8 22 86 ff ff 66 90 83 fb 92 74 05
0x00007f7839b3b0b5:   83 fb b5 75 e8 f7 d8 48 83 c4 20 5b 41 5c 41 5d
0x00007f7839b3b0c5:   c3 66 2e 0f 1f 84 00 00 00 00 00 48 83 c4 20 b8
0x00007f7839b3b0d5:   16 00 00 00 5b 41 5c 41 5d c3 90 48 89 7c 24 10
0x00007f7839b3b0e5:   89 74 24 0c 48 89 4c 24 18 e8 fd f8 ff ff 4c 8b
0x00007f7839b3b0f5:   54 24 18 45 31 c0 44 89 ea 41 89 c4 8b 74 24 0c
0x00007f7839b3b105:   48 8b 7c 24 10 41 b9 ff ff ff ff b8 ca 00 00 00
0x00007f7839b3b115:   0f 05 44 89 e7 48 89 c3 e8 3e f9 ff ff e9 62 ff
0x00007f7839b3b125:   ff ff 66 0f 1f 84 00 00 00 00 00 48 83 39 00 0f
0x00007f7839b3b135:   89 0f ff ff ff b8 6e 00 00 00 e9 78 ff ff ff 66
0x00007f7839b3b145:   66 2e 0f 1f 84 00 00 00 00 00 90 f3 0f 1e fa 41
0x00007f7839b3b155:   89 f0 89 ce 49 89 d2 40 80 f6 86 45 85 c0 74 09
0x00007f7839b3b165:   80 f1 8d 48 85 d2 0f 45 f1 31 d2 b8 ca 00 00 00
0x00007f7839b3b175:   0f 05 83 f8 da 74 3c 83 f8 92 74 2f 8d 50 23 83
0x00007f7839b3b185:   fa 23 77 10 48 b9 01 20 00 81 09 00 00 00 48 0f
0x00007f7839b3b195:   a3 d1 72 17 50 48 8d 3d 67 cb 14 00 e8 2a 85 ff
0x00007f7839b3b1a5:   ff 66 2e 0f 1f 84 00 00 00 00 00 f7 d8 c3 0f 1f
0x00007f7839b3b1b5:   44 00 00 b8 16 00 00 00 c3 66 90 f3 0f 1e fa 64
0x00007f7839b3b1c5:   48 8b 04 25 f8 02 00 00 48 89 47 18 31 c0 64 8a
0x00007f7839b3b1d5:   04 25 72 09 00 00 0f b6 c0 89 47 10 64 c6 04 25
0x00007f7839b3b1e5:   72 09 00 00 00 64 48 89 3c 25 f8 02 00 00 c3 66
0x00007f7839b3b1f5:   66 2e 0f 1f 84 00 00 00 00 00 90 f3 0f 1e fa 48
0x00007f7839b3b205:   8b 47 18 64 48 89 04 25 f8 02 00 00 8b 47 10 64 



---------------  P R O C E S S  ---------------

VM state: not at safepoint (normal execution)

VM Mutex/Monitor currently owned by a thread: None

Heap address: 0x0000000088800000, size: 1912 MB, Compressed Oops mode: 32-bit

CDS archive(s) mapped at: [0x00007f77c6000000-0x00007f77c6c79000-0x00007f77c6c79000), size 13078528, SharedBaseAddress: 0x00007f77c6000000, ArchiveRelocationMode: 1.
Compressed class space mapped at: 0x00007f77c7000000-0x00007f7807000000, reserved size: 1073741824
Narrow klass base: 0x00007f77c6000000, Narrow klass shift: 0, Narrow klass range: 0x100000000

GC Precious Log:
<Skipped>

Heap:
 garbage-first heap   total reserved 1957888K, committed 59392K, used 45948K [0x0000000088800000, 0x0000000100000000)
  region size 1024K, 23 young (23552K), 4 survivors (4096K)
 Metaspace       used 57411K, committed 58112K, reserved 1114112K
  class space    used 8272K, committed 8576K, reserved 1048576K

Heap Regions: E=young(eden), S=young(survivor), O=old, HS=humongous(starts), HC=humongous(continues), CS=collection set, F=free, TAMS=top-at-mark-start, PB=parsable bottom
|   0|0x0000000088800000, 0x0000000088900000, 0x0000000088900000|100%|HS|  |TAMS 0x0000000088800000| PB 0x0000000088800000| Complete |  0
|   1|0x0000000088900000, 0x0000000088a00000, 0x0000000088a00000|100%| O|  |TAMS 0x0000000088900000| PB 0x0000000088900000| Untracked |  0
|   2|0x0000000088a00000, 0x0000000088b00000, 0x0000000088b00000|100%| O|  |TAMS 0x0000000088a00000| PB 0x0000000088a00000| Untracked |  0
|   3|0x0000000088b00000, 0x0000000088c00000, 0x0000000088c00000|100%| O|  |TAMS 0x0000000088b00000| PB 0x0000000088b00000| Untracked |  0
|   4|0x0000000088c00000, 0x0000000088d00000, 0x0000000088d00000|100%| O|  |TAMS 0x0000000088c00000| PB 0x0000000088c00000| Untracked |  0
|   5|0x0000000088d00000, 0x0000000088e00000, 0x0000000088e00000|100%| O|  |TAMS 0x0000000088d00000| PB 0x0000000088d00000| Untracked |  0
|   6|0x0000000088e00000, 0x0000000088f00000, 0x0000000088f00000|100%| O|  |TAMS 0x0000000088e00000| PB 0x0000000088e00000| Untracked |  0
|   7|0x0000000088f00000, 0x0000000089000000, 0x0000000089000000|100%| O|  |TAMS 0x0000000088f00000| PB 0x0000000088f00000| Untracked |  0
|   8|0x0000000089000000, 0x0000000089100000, 0x0000000089100000|100%| O|  |TAMS 0x0000000089000000| PB 0x0000000089000000| Untracked |  0
|   9|0x0000000089100000, 0x0000000089200000, 0x0000000089200000|100%| O|  |TAMS 0x0000000089100000| PB 0x0000000089100000| Untracked |  0
|  10|0x0000000089200000, 0x0000000089300000, 0x0000000089300000|100%| O|  |TAMS 0x0000000089200000| PB 0x0000000089200000| Untracked |  0
|  11|0x0000000089300000, 0x0000000089300000, 0x0000000089400000|  0%| F|  |TAMS 0x0000000089300000| PB 0x0000000089300000| Untracked |  0
|  12|0x0000000089400000, 0x0000000089500000, 0x0000000089500000|100%| O|  |TAMS 0x0000000089400000| PB 0x0000000089400000| Untracked |  0
|  13|0x0000000089500000, 0x0000000089600000, 0x0000000089600000|100%| O|  |TAMS 0x0000000089500000| PB 0x0000000089500000| Untracked |  0
|  14|0x0000000089600000, 0x0000000089700000, 0x0000000089700000|100%| O|  |TAMS 0x0000000089600000| PB 0x0000000089600000| Untracked |  0
|  15|0x0000000089700000, 0x0000000089800000, 0x0000000089800000|100%| O|  |TAMS 0x0000000089700000| PB 0x0000000089700000| Untracked |  0
|  16|0x0000000089800000, 0x0000000089900000, 0x0000000089900000|100%| O|  |TAMS 0x0000000089800000| PB 0x0000000089800000| Untracked |  0
|  17|0x0000000089900000, 0x0000000089a00000, 0x0000000089a00000|100%| O|  |TAMS 0x0000000089900000| PB 0x0000000089900000| Untracked |  0
|  18|0x0000000089a00000, 0x0000000089b00000, 0x0000000089b00000|100%| O|  |TAMS 0x0000000089a00000| PB 0x0000000089a00000| Untracked |  0
|  19|0x0000000089b00000, 0x0000000089b694b8, 0x0000000089c00000| 41%| O|  |TAMS 0x0000000089b00000| PB 0x0000000089b00000| Untracked |  0
|  20|0x0000000089c00000, 0x0000000089c00000, 0x0000000089d00000|  0%| F|  |TAMS 0x0000000089c00000| PB 0x0000000089c00000| Untracked |  0
|  21|0x0000000089d00000, 0x0000000089d00000, 0x0000000089e00000|  0%| F|  |TAMS 0x0000000089d00000| PB 0x0000000089d00000| Untracked |  0
|  22|0x0000000089e00000, 0x0000000089e00000, 0x0000000089f00000|  0%| F|  |TAMS 0x0000000089e00000| PB 0x0000000089e00000| Untracked |  0
|  23|0x0000000089f00000, 0x0000000089f00000, 0x000000008a000000|  0%| F|  |TAMS 0x0000000089f00000| PB 0x0000000089f00000| Untracked |  0
|  24|0x000000008a000000, 0x000000008a000000, 0x000000008a100000|  0%| F|  |TAMS 0x000000008a000000| PB 0x000000008a000000| Untracked |  0
|  25|0x000000008a100000, 0x000000008a100000, 0x000000008a200000|  0%| F|  |TAMS 0x000000008a100000| PB 0x000000008a100000| Untracked |  0
|  26|0x000000008a200000, 0x000000008a300000, 0x000000008a300000|100%| S|CS|TAMS 0x000000008a200000| PB 0x000000008a200000| Complete |  0
|  27|0x000000008a300000, 0x000000008a400000, 0x000000008a400000|100%| S|CS|TAMS 0x000000008a300000| PB 0x000000008a300000| Complete |  0
|  28|0x000000008a400000, 0x000000008a500000, 0x000000008a500000|100%| S|CS|TAMS 0x000000008a400000| PB 0x000000008a400000| Complete |  0
|  29|0x000000008a500000, 0x000000008a600000, 0x000000008a600000|100%| S|CS|TAMS 0x000000008a500000| PB 0x000000008a500000| Complete |  0
|  30|0x000000008a600000, 0x000000008a600000, 0x000000008a700000|  0%| F|  |TAMS 0x000000008a600000| PB 0x000000008a600000| Untracked |  0
|  31|0x000000008a700000, 0x000000008a700000, 0x000000008a800000|  0%| F|  |TAMS 0x000000008a700000| PB 0x000000008a700000| Untracked |  0
|  32|0x000000008a800000, 0x000000008a800000, 0x000000008a900000|  0%| F|  |TAMS 0x000000008a800000| PB 0x000000008a800000| Untracked |  0
|  33|0x000000008a900000, 0x000000008a900000, 0x000000008aa00000|  0%| F|  |TAMS 0x000000008a900000| PB 0x000000008a900000| Untracked |  0
|  34|0x000000008aa00000, 0x000000008aa00000, 0x000000008ab00000|  0%| F|  |TAMS 0x000000008aa00000| PB 0x000000008aa00000| Untracked |  0
|  35|0x000000008ab00000, 0x000000008ab75cf0, 0x000000008ac00000| 46%| E|  |TAMS 0x000000008ab00000| PB 0x000000008ab00000| Complete |  0
|  36|0x000000008ac00000, 0x000000008ad00000, 0x000000008ad00000|100%| E|CS|TAMS 0x000000008ac00000| PB 0x000000008ac00000| Complete |  0
|  37|0x000000008ad00000, 0x000000008ae00000, 0x000000008ae00000|100%| E|CS|TAMS 0x000000008ad00000| PB 0x000000008ad00000| Complete |  0
|  38|0x000000008ae00000, 0x000000008af00000, 0x000000008af00000|100%| E|  |TAMS 0x000000008ae00000| PB 0x000000008ae00000| Complete |  0
|  39|0x000000008af00000, 0x000000008b000000, 0x000000008b000000|100%| E|CS|TAMS 0x000000008af00000| PB 0x000000008af00000| Complete |  0
|  40|0x000000008b000000, 0x000000008b100000, 0x000000008b100000|100%| E|CS|TAMS 0x000000008b000000| PB 0x000000008b000000| Complete |  0
|  41|0x000000008b100000, 0x000000008b200000, 0x000000008b200000|100%| E|CS|TAMS 0x000000008b100000| PB 0x000000008b100000| Complete |  0
|  42|0x000000008b200000, 0x000000008b300000, 0x000000008b300000|100%| E|CS|TAMS 0x000000008b200000| PB 0x000000008b200000| Complete |  0
|  43|0x000000008b300000, 0x000000008b400000, 0x000000008b400000|100%| E|CS|TAMS 0x000000008b300000| PB 0x000000008b300000| Complete |  0
|  44|0x000000008b400000, 0x000000008b500000, 0x000000008b500000|100%| E|CS|TAMS 0x000000008b400000| PB 0x000000008b400000| Complete |  0
|  45|0x000000008b500000, 0x000000008b600000, 0x000000008b600000|100%| E|CS|TAMS 0x000000008b500000| PB 0x000000008b500000| Complete |  0
|  95|0x000000008e700000, 0x000000008e800000, 0x000000008e800000|100%| E|CS|TAMS 0x000000008e700000| PB 0x000000008e700000| Complete |  0
|  96|0x000000008e800000, 0x000000008e900000, 0x000000008e900000|100%| E|CS|TAMS 0x000000008e800000| PB 0x000000008e800000| Complete |  0
|  97|0x000000008e900000, 0x000000008ea00000, 0x000000008ea00000|100%| E|CS|TAMS 0x000000008e900000| PB 0x000000008e900000| Complete |  0
|  98|0x000000008ea00000, 0x000000008eb00000, 0x000000008eb00000|100%| E|CS|TAMS 0x000000008ea00000| PB 0x000000008ea00000| Complete |  0
|  99|0x000000008eb00000, 0x000000008ec00000, 0x000000008ec00000|100%| E|CS|TAMS 0x000000008eb00000| PB 0x000000008eb00000| Complete |  0
| 100|0x000000008ec00000, 0x000000008ed00000, 0x000000008ed00000|100%| E|CS|TAMS 0x000000008ec00000| PB 0x000000008ec00000| Complete |  0
| 119|0x000000008ff00000, 0x0000000090000000, 0x0000000090000000|100%| E|CS|TAMS 0x000000008ff00000| PB 0x000000008ff00000| Complete |  0
|1907|0x00000000ffb00000, 0x00000000ffc00000, 0x00000000ffc00000|100%| O|  |TAMS 0x00000000ffb00000| PB 0x00000000ffb00000| Untracked |  0
|1908|0x00000000ffc00000, 0x00000000ffd00000, 0x00000000ffd00000|100%| O|  |TAMS 0x00000000ffc00000| PB 0x00000000ffc00000| Untracked |  0
|1909|0x00000000ffd00000, 0x00000000ffe00000, 0x00000000ffe00000|100%| O|  |TAMS 0x00000000ffd00000| PB 0x00000000ffd00000| Untracked |  0
|1910|0x00000000ffe00000, 0x00000000fff00000, 0x00000000fff00000|100%| O|  |TAMS 0x00000000ffe00000| PB 0x00000000ffe00000| Untracked |  0
|1911|0x00000000fff00000, 0x0000000100000000, 0x0000000100000000|100%| E|CS|TAMS 0x00000000fff00000| PB 0x00000000fff00000| Complete |  0

Card table byte_map: [0x00007f7827ac5000,0x00007f7827e81000] _byte_map_base: 0x00007f7827681000

Marking Bits: (CMBitMap*) 0x00007f7834081ba0
 Bits: [0x00007f7825ce5000, 0x00007f7827ac5000)

Polling page: 0x00007f7839d0e000

Metaspace:

Usage:
  Non-class:     47.99 MB used.
      Class:      8.08 MB used.
       Both:     56.07 MB used.

Virtual space:
  Non-class space:       64.00 MB reserved,      48.38 MB ( 76%) committed,  1 nodes.
      Class space:        1.00 GB reserved,       8.38 MB ( <1%) committed,  1 nodes.
             Both:        1.06 GB reserved,      56.75 MB (  5%) committed. 

Chunk freelists:
   Non-Class:  15.22 MB
       Class:  7.47 MB
        Both:  22.69 MB

MaxMetaspaceSize: unlimited
CompressedClassSpaceSize: 1.00 GB
Initial GC threshold: 21.00 MB
Current GC threshold: 82.75 MB
CDS: on
 - commit_granule_bytes: 65536.
 - commit_granule_words: 8192.
 - virtual_space_node_default_size: 8388608.
 - enlarge_chunks_in_place: 1.
 - use_allocation_guard: 0.


Internal statistics:

num_allocs_failed_limit: 6.
num_arena_births: 886.
num_arena_deaths: 0.
num_vsnodes_births: 2.
num_vsnodes_deaths: 0.
num_space_committed: 908.
num_space_uncommitted: 0.
num_chunks_returned_to_freelist: 6.
num_chunks_taken_from_freelist: 3034.
num_chunk_merges: 6.
num_chunk_splits: 2160.
num_chunks_enlarged: 1657.
num_inconsistent_stats: 0.

CodeCache: size=49152Kb used=9516Kb max_used=10312Kb free=39635Kb
 bounds [0x00007f7828c47000, 0x00007f7829667000, 0x00007f782bc47000]
 total_blobs=6089 nmethods=5400 adapters=614
 compilation: enabled
              stopped_count=0, restarted_count=0
 full_count=0

Compilation events (20 events):
Event: 151.258 Thread 0x00007f7834184120 5448       1       java.nio.channels.SelectionKey::attachment (5 bytes)
Event: 151.258 Thread 0x00007f7834184120 nmethod 5448 0x00007f7829598190 code [0x00007f7829598320, 0x00007f78295983e0]
Event: 152.261 Thread 0x00007f7834184120 5449       1       sun.nio.ch.SelectorImpl::ensureOpen (16 bytes)
Event: 152.261 Thread 0x00007f7834184120 nmethod 5449 0x00007f7829597e10 code [0x00007f7829597fa0, 0x00007f78295980e0]
Event: 153.265 Thread 0x00007f7834184120 5450   !   1       org.apache.tomcat.util.net.NioEndpoint$Poller::events (266 bytes)
Event: 153.266 Thread 0x00007f7834184120 nmethod 5450 0x00007f7829596a90 code [0x00007f7829596d40, 0x00007f7829597650]
Event: 153.266 Thread 0x00007f7834184120 5451  s    1       org.apache.tomcat.util.collections.SynchronizedQueue::size (23 bytes)
Event: 153.266 Thread 0x00007f7834184120 nmethod 5451 0x00007f7829596690 code [0x00007f7829596820, 0x00007f78295969b8]
Event: 157.277 Thread 0x00007f7834184120 5452       1       org.apache.tomcat.util.net.NioEndpoint$NioSocketWrapper::getLastRead (5 bytes)
Event: 157.278 Thread 0x00007f7834184120 nmethod 5452 0x00007f7829596390 code [0x00007f7829596520, 0x00007f78295965e8]
Event: 157.278 Thread 0x00007f7834184120 5453       1       org.apache.tomcat.util.net.SocketWrapperBase::getReadTimeout (5 bytes)
Event: 157.278 Thread 0x00007f7834184120 nmethod 5453 0x00007f7829596090 code [0x00007f7829596220, 0x00007f78295962e8]
Event: 166.311 Thread 0x00007f7834184120 5454       1       org.apache.tomcat.util.net.SocketProperties::getTimeoutInterval (5 bytes)
Event: 166.311 Thread 0x00007f7834184120 nmethod 5454 0x00007f7829595d90 code [0x00007f7829595f20, 0x00007f7829595fe0]
Event: 168.285 Thread 0x00007f7834184120 5455       1       java.util.concurrent.locks.AbstractQueuedSynchronizer$ConditionObject::doSignal (54 bytes)
Event: 168.285 Thread 0x00007f7834184120 nmethod 5455 0x00007f7829595810 code [0x00007f78295959c0, 0x00007f7829595c00]
Event: 168.286 Thread 0x00007f7834184120 5456       1       java.util.concurrent.locks.AbstractQueuedSynchronizer::enqueue (72 bytes)
Event: 168.286 Thread 0x00007f7834184120 nmethod 5456 0x00007f7829595110 code [0x00007f78295952e0, 0x00007f7829595668]
Event: 168.719 Thread 0x00007f7834184120 5457       1       java.util.concurrent.locks.AbstractQueuedSynchronizer::acquire (20 bytes)
Event: 168.719 Thread 0x00007f7834184120 nmethod 5457 0x00007f7829594d10 code [0x00007f7829594ec0, 0x00007f7829595018]

GC Heap History (20 events):
Event: 3.800 GC heap before
{Heap before GC invocations=2 (full 0):
 garbage-first heap   total reserved 1957888K, committed 124928K, used 28724K [0x0000000088800000, 0x0000000100000000)
  region size 1024K, 22 young (22528K), 3 survivors (3072K)
 Metaspace       used 17816K, committed 18176K, reserved 1114112K
  class space    used 2379K, committed 2560K, reserved 1048576K
}
Event: 3.805 GC heap after
{Heap after GC invocations=3 (full 0):
 garbage-first heap   total reserved 1957888K, committed 124928K, used 13047K [0x0000000088800000, 0x0000000100000000)
  region size 1024K, 6 young (6144K), 6 survivors (6144K)
 Metaspace       used 17816K, committed 18176K, reserved 1114112K
  class space    used 2379K, committed 2560K, reserved 1048576K
}
Event: 6.585 GC heap before
{Heap before GC invocations=4 (full 0):
 garbage-first heap   total reserved 1957888K, committed 51200K, used 48887K [0x0000000088800000, 0x0000000100000000)
  region size 1024K, 41 young (41984K), 6 survivors (6144K)
 Metaspace       used 22091K, committed 22464K, reserved 1114112K
  class space    used 3052K, committed 3200K, reserved 1048576K
}
Event: 6.599 GC heap after
{Heap after GC invocations=5 (full 0):
 garbage-first heap   total reserved 1957888K, committed 59392K, used 15166K [0x0000000088800000, 0x0000000100000000)
  region size 1024K, 5 young (5120K), 5 survivors (5120K)
 Metaspace       used 22091K, committed 22464K, reserved 1114112K
  class space    used 3052K, committed 3200K, reserved 1048576K
}
Event: 9.162 GC heap before
{Heap before GC invocations=5 (full 0):
 garbage-first heap   total reserved 1957888K, committed 59392K, used 44862K [0x0000000088800000, 0x0000000100000000)
  region size 1024K, 34 young (34816K), 5 survivors (5120K)
 Metaspace       used 27391K, committed 27904K, reserved 1114112K
  class space    used 3830K, committed 4032K, reserved 1048576K
}
Event: 9.170 GC heap after
{Heap after GC invocations=6 (full 0):
 garbage-first heap   total reserved 1957888K, committed 59392K, used 18229K [0x0000000088800000, 0x0000000100000000)
  region size 1024K, 3 young (3072K), 3 survivors (3072K)
 Metaspace       used 27391K, committed 27904K, reserved 1114112K
  class space    used 3830K, committed 4032K, reserved 1048576K
}
Event: 11.204 GC heap before
{Heap before GC invocations=6 (full 0):
 garbage-first heap   total reserved 1957888K, committed 59392K, used 28469K [0x0000000088800000, 0x0000000100000000)
  region size 1024K, 14 young (14336K), 3 survivors (3072K)
 Metaspace       used 29853K, committed 30336K, reserved 1114112K
  class space    used 4146K, committed 4352K, reserved 1048576K
}
Event: 11.209 GC heap after
{Heap after GC invocations=7 (full 0):
 garbage-first heap   total reserved 1957888K, committed 59392K, used 18896K [0x0000000088800000, 0x0000000100000000)
  region size 1024K, 1 young (1024K), 1 survivors (1024K)
 Metaspace       used 29853K, committed 30336K, reserved 1114112K
  class space    used 4146K, committed 4352K, reserved 1048576K
}
Event: 17.989 GC heap before
{Heap before GC invocations=8 (full 0):
 garbage-first heap   total reserved 1957888K, committed 59392K, used 48592K [0x0000000088800000, 0x0000000100000000)
  region size 1024K, 30 young (30720K), 1 survivors (1024K)
 Metaspace       used 36861K, committed 37440K, reserved 1114112K
  class space    used 5184K, committed 5440K, reserved 1048576K
}
Event: 17.994 GC heap after
{Heap after GC invocations=9 (full 0):
 garbage-first heap   total reserved 1957888K, committed 59392K, used 21052K [0x0000000088800000, 0x0000000100000000)
  region size 1024K, 3 young (3072K), 3 survivors (3072K)
 Metaspace       used 36861K, committed 37440K, reserved 1114112K
  class space    used 5184K, committed 5440K, reserved 1048576K
}
Event: 24.735 GC heap before
{Heap before GC invocations=9 (full 0):
 garbage-first heap   total reserved 1957888K, committed 59392K, used 48700K [0x0000000088800000, 0x0000000100000000)
  region size 1024K, 31 young (31744K), 3 survivors (3072K)
 Metaspace       used 44274K, committed 44800K, reserved 1114112K
  class space    used 6228K, committed 6464K, reserved 1048576K
}
Event: 24.740 GC heap after
{Heap after GC invocations=10 (full 0):
 garbage-first heap   total reserved 1957888K, committed 59392K, used 22302K [0x0000000088800000, 0x0000000100000000)
  region size 1024K, 2 young (2048K), 2 survivors (2048K)
 Metaspace       used 44274K, committed 44800K, reserved 1114112K
  class space    used 6228K, committed 6464K, reserved 1048576K
}
Event: 30.545 GC heap before
{Heap before GC invocations=10 (full 0):
 garbage-first heap   total reserved 1957888K, committed 59392K, used 50974K [0x0000000088800000, 0x0000000100000000)
  region size 1024K, 30 young (30720K), 2 survivors (2048K)
 Metaspace       used 49679K, committed 50304K, reserved 1114112K
  class space    used 7159K, committed 7424K, reserved 1048576K
}
Event: 30.549 GC heap after
{Heap after GC invocations=11 (full 0):
 garbage-first heap   total reserved 1957888K, committed 59392K, used 23254K [0x0000000088800000, 0x0000000100000000)
  region size 1024K, 3 young (3072K), 3 survivors (3072K)
 Metaspace       used 49679K, committed 50304K, reserved 1114112K
  class space    used 7159K, committed 7424K, reserved 1048576K
}
Event: 30.845 GC heap before
{Heap before GC invocations=11 (full 0):
 garbage-first heap   total reserved 1957888K, committed 59392K, used 26326K [0x0000000088800000, 0x0000000100000000)
  region size 1024K, 7 young (7168K), 3 survivors (3072K)
 Metaspace       used 50136K, committed 50688K, reserved 1114112K
  class space    used 7189K, committed 7424K, reserved 1048576K
}
Event: 30.850 GC heap after
{Heap after GC invocations=12 (full 0):
 garbage-first heap   total reserved 1957888K, committed 59392K, used 23813K [0x0000000088800000, 0x0000000100000000)
  region size 1024K, 2 young (2048K), 2 survivors (2048K)
 Metaspace       used 50136K, committed 50688K, reserved 1114112K
  class space    used 7189K, committed 7424K, reserved 1048576K
}
Event: 32.537 GC heap before
{Heap before GC invocations=13 (full 0):
 garbage-first heap   total reserved 1957888K, committed 59392K, used 50437K [0x0000000088800000, 0x0000000100000000)
  region size 1024K, 28 young (28672K), 2 survivors (2048K)
 Metaspace       used 51923K, committed 52544K, reserved 1114112K
  class space    used 7481K, committed 7744K, reserved 1048576K
}
Event: 32.544 GC heap after
{Heap after GC invocations=14 (full 0):
 garbage-first heap   total reserved 1957888K, committed 59392K, used 25294K [0x0000000088800000, 0x0000000100000000)
  region size 1024K, 4 young (4096K), 4 survivors (4096K)
 Metaspace       used 51923K, committed 52544K, reserved 1114112K
  class space    used 7481K, committed 7744K, reserved 1048576K
}
Event: 35.295 GC heap before
{Heap before GC invocations=14 (full 0):
 garbage-first heap   total reserved 1957888K, committed 59392K, used 49870K [0x0000000088800000, 0x0000000100000000)
  region size 1024K, 28 young (28672K), 4 survivors (4096K)
 Metaspace       used 54405K, committed 55040K, reserved 1114112K
  class space    used 7852K, committed 8128K, reserved 1048576K
}
Event: 35.300 GC heap after
{Heap after GC invocations=15 (full 0):
 garbage-first heap   total reserved 1957888K, committed 59392K, used 27045K [0x0000000088800000, 0x0000000100000000)
  region size 1024K, 4 young (4096K), 4 survivors (4096K)
 Metaspace       used 54405K, committed 55040K, reserved 1114112K
  class space    used 7852K, committed 8128K, reserved 1048576K
}

Dll operation events (10 events):
Event: 0.006 Loaded shared library /home/joaoyutaka/java/jdk-22/lib/libjava.so
Event: 0.071 Loaded shared library /home/joaoyutaka/java/jdk-22/lib/libnio.so
Event: 0.075 Loaded shared library /home/joaoyutaka/java/jdk-22/lib/libzip.so
Event: 0.198 Loaded shared library /home/joaoyutaka/java/jdk-22/lib/libjimage.so
Event: 0.265 Loaded shared library /home/joaoyutaka/java/jdk-22/lib/libnet.so
Event: 2.063 Loaded shared library /home/joaoyutaka/java/jdk-22/lib/lible.so
Event: 7.919 Loaded shared library /home/joaoyutaka/java/jdk-22/lib/libmanagement.so
Event: 7.920 Loaded shared library /home/joaoyutaka/java/jdk-22/lib/libmanagement_ext.so
Event: 12.509 Loaded shared library /home/joaoyutaka/java/jdk-22/lib/libverify.so
Event: 15.742 Loaded shared library /home/joaoyutaka/java/jdk-22/lib/libextnet.so

Deoptimization events (10 events):
Event: 6.601 Thread 0x00007f7834029f50 DEOPT PACKING pc=0x00007f78293fd5cc sp=0x00007f7838505730
Event: 6.601 Thread 0x00007f7834029f50 DEOPT UNPACKING pc=0x00007f7828c9b72f sp=0x00007f7838504c08 mode 0
Event: 31.921 Thread 0x00007f7834029f50 DEOPT PACKING pc=0x00007f7829189709 sp=0x00007f7838504930
Event: 31.921 Thread 0x00007f7834029f50 DEOPT UNPACKING pc=0x00007f7828c9b72f sp=0x00007f7838503e08 mode 3
Event: 31.921 Thread 0x00007f7834029f50 DEOPT PACKING pc=0x00007f7829183ebc sp=0x00007f78385049c0
Event: 31.921 Thread 0x00007f7834029f50 DEOPT UNPACKING pc=0x00007f7828c9b72f sp=0x00007f7838503f08 mode 0
Event: 31.939 Thread 0x00007f7834029f50 DEOPT PACKING pc=0x00007f78292ad82c sp=0x00007f7838504b50
Event: 31.939 Thread 0x00007f7834029f50 DEOPT UNPACKING pc=0x00007f7828c9b72f sp=0x00007f78385040c8 mode 0
Event: 32.365 Thread 0x00007f7834029f50 DEOPT PACKING pc=0x00007f78292c92cf sp=0x00007f78385063d0
Event: 32.365 Thread 0x00007f7834029f50 DEOPT UNPACKING pc=0x00007f7828c9b72f sp=0x00007f7838505908 mode 3

Classes loaded (20 events):
Event: 112.682 Loading class java/util/stream/ReduceOps$6ReducingSink
Event: 112.682 Loading class java/util/stream/ReduceOps$6ReducingSink done
Event: 112.682 Loading class java/util/stream/ReferencePipeline$4$1
Event: 112.682 Loading class java/util/stream/ReferencePipeline$4$1 done
Event: 112.685 Loading class java/util/ArrayList$SubList$2
Event: 112.685 Loading class java/util/ArrayList$SubList$2 done
Event: 112.742 Loading class java/text/ParsePosition
Event: 112.742 Loading class java/text/ParsePosition done
Event: 112.742 Loading class java/text/CalendarBuilder
Event: 112.742 Loading class java/text/CalendarBuilder done
Event: 112.793 Loading class java/util/concurrent/locks/ReentrantReadWriteLock$Sync$HoldCounter
Event: 112.793 Loading class java/util/concurrent/locks/ReentrantReadWriteLock$Sync$HoldCounter done
Event: 123.991 Loading class java/time/format/DateTimeFormatterBuilder$ZoneTextPrinterParser
Event: 123.991 Loading class java/time/format/DateTimeFormatterBuilder$ZoneTextPrinterParser done
Event: 123.991 Loading class java/time/format/DateTimeFormatterBuilder$ReducedPrinterParser
Event: 123.991 Loading class java/time/format/DateTimeFormatterBuilder$ReducedPrinterParser done
Event: 124.091 Loading class sun/util/resources/TimeZoneNames
Event: 124.093 Loading class sun/util/resources/TimeZoneNames done
Event: 124.093 Loading class sun/util/resources/TimeZoneNames_en
Event: 124.093 Loading class sun/util/resources/TimeZoneNames_en done

Classes unloaded (0 events):
No events

Classes redefined (0 events):
No events

Internal exceptions (20 events):
Event: 28.932 Thread 0x00007f7834029f50 Exception <a 'java/lang/NoSuchMethodError'{0x000000008a8a92e8}: 'java.lang.Object java.lang.invoke.Invokers$Holder.linkToTargetMethod(java.lang.Object, java.lang.Object, java.lang.Object, java.lang.Object, java.lang.Object, java.lang.Object, int, java.lang.Object)'> (0x000000008a8a92e8) 
thrown [open/src/hotspot/share/interpreter/linkResolver.cpp, line 773]
Event: 29.210 Thread 0x00007f7834029f50 Exception <a 'java/lang/NoSuchMethodError'{0x000000008a7b22e0}: 'void java.lang.invoke.DirectMethodHandle$Holder.invokeInterface(java.lang.Object, java.lang.Object)'> (0x000000008a7b22e0) 
thrown [open/src/hotspot/share/interpreter/linkResolver.cpp, line 773]
Event: 30.565 Thread 0x00007f7834029f50 Exception <a 'java/lang/NoSuchMethodError'{0x00000000fff59700}: 'void java.lang.invoke.Invokers$Holder.invokeExact_MT(java.lang.Object, java.lang.Object, java.lang.Object, java.lang.Object)'> (0x00000000fff59700) 
thrown [open/src/hotspot/share/interpreter/linkResolver.cpp, line 773]
Event: 30.878 Thread 0x00007f7834029f50 Exception <a 'java/lang/IncompatibleClassChangeError'{0x00000000fff83660}: Found class java.lang.Object, but interface was expected> (0x00000000fff83660) 
thrown [open/src/hotspot/share/interpreter/linkResolver.cpp, line 841]
Event: 30.935 Thread 0x00007f7834029f50 Exception <a 'java/lang/IncompatibleClassChangeError'{0x000000008ff0a8c8}: Found class java.lang.Object, but interface was expected> (0x000000008ff0a8c8) 
thrown [open/src/hotspot/share/interpreter/linkResolver.cpp, line 841]
Event: 31.266 Thread 0x00007f7834029f50 Exception <a 'java/lang/IncompatibleClassChangeError'{0x000000008eca5008}: Found class java.lang.Object, but interface was expected> (0x000000008eca5008) 
thrown [open/src/hotspot/share/interpreter/linkResolver.cpp, line 841]
Event: 32.086 Thread 0x00007f7834029f50 Exception <a 'java/lang/IncompatibleClassChangeError'{0x000000008b21f690}: Found class java.lang.Object, but interface was expected> (0x000000008b21f690) 
thrown [open/src/hotspot/share/interpreter/linkResolver.cpp, line 841]
Event: 32.957 Thread 0x00007f7834029f50 Exception <a 'java/lang/IncompatibleClassChangeError'{0x000000008ea51e50}: Found class java.lang.Object, but interface was expected> (0x000000008ea51e50) 
thrown [open/src/hotspot/share/interpreter/linkResolver.cpp, line 841]
Event: 33.688 Thread 0x00007f7834029f50 Exception <a 'java/lang/NoSuchMethodError'{0x000000008b1cdbe0}: 'java.lang.Object java.lang.invoke.DirectMethodHandle$Holder.newInvokeSpecial(java.lang.Object, java.lang.Object, java.lang.Object, java.lang.Object, java.lang.Object, java.lang.Object, java.lang.Object, java.lang.Object)'> (0x000000008b1cdbe0) 
thrown [open/src/hotspot/share/interpreter/linkResolver.cpp, line 773]
Event: 35.256 Thread 0x00007f7834029f50 Exception <a 'java/lang/IncompatibleClassChangeError'{0x000000008a671608}: Found class java.lang.Object, but interface was expected> (0x000000008a671608) 
thrown [open/src/hotspot/share/interpreter/linkResolver.cpp, line 841]
Event: 35.530 Thread 0x00007f7834029f50 Exception <a 'java/lang/NoSuchMethodError'{0x000000008ff433f0}: 'void java.lang.invoke.DirectMethodHandle$Holder.invokeVirtual(java.lang.Object, java.lang.Object, long)'> (0x000000008ff433f0) 
thrown [open/src/hotspot/share/interpreter/linkResolver.cpp, line 773]
Event: 36.102 Thread 0x00007f7834029f50 Exception <a 'java/lang/NoSuchMethodError'{0x000000008eabebb0}: 'int java.lang.invoke.DirectMethodHandle$Holder.invokeStaticInit(java.lang.Object, java.lang.Object, java.lang.Object, java.lang.Object)'> (0x000000008eabebb0) 
thrown [open/src/hotspot/share/interpreter/linkResolver.cpp, line 773]
Event: 36.217 Thread 0x00007f7834029f50 Exception <a 'java/lang/IncompatibleClassChangeError'{0x000000008e99b058}: Found class java.lang.Object, but interface was expected> (0x000000008e99b058) 
thrown [open/src/hotspot/share/interpreter/linkResolver.cpp, line 841]
Event: 36.641 Thread 0x00007f7834029f50 Exception <a 'java/lang/NoSuchMethodError'{0x000000008b4f6880}: 'java.lang.Object java.lang.invoke.DirectMethodHandle$Holder.newInvokeSpecial(java.lang.Object, java.lang.Object, int, java.lang.Object, java.lang.Object)'> (0x000000008b4f6880) 
thrown [open/src/hotspot/share/interpreter/linkResolver.cpp, line 773]
Event: 36.643 Thread 0x00007f7834029f50 Exception <a 'java/lang/NoSuchMethodError'{0x000000008b301aa0}: 'java.lang.Object java.lang.invoke.DirectMethodHandle$Holder.invokeSpecial(java.lang.Object, java.lang.Object, int, java.lang.Object, int, java.lang.Object)'> (0x000000008b301aa0) 
thrown [open/src/hotspot/share/interpreter/linkResolver.cpp, line 773]
Event: 36.643 Thread 0x00007f7834029f50 Exception <a 'java/lang/NoSuchMethodError'{0x000000008b308e70}: 'java.lang.Object java.lang.invoke.DirectMethodHandle$Holder.newInvokeSpecial(java.lang.Object, java.lang.Object, int, java.lang.Object, int)'> (0x000000008b308e70) 
thrown [open/src/hotspot/share/interpreter/linkResolver.cpp, line 773]
Event: 36.644 Thread 0x00007f7834029f50 Exception <a 'java/lang/NoSuchMethodError'{0x000000008b30cd70}: 'java.lang.Object java.lang.invoke.DirectMethodHandle$Holder.invokeSpecial(java.lang.Object, java.lang.Object, java.lang.Object, int, java.lang.Object, int)'> (0x000000008b30cd70) 
thrown [open/src/hotspot/share/interpreter/linkResolver.cpp, line 773]
Event: 112.322 Thread 0x00007f7835d8bc50 Exception <a 'java/lang/NoSuchMethodError'{0x000000008b08c178}: 'java.lang.Object java.lang.invoke.DirectMethodHandle$Holder.invokeSpecial(java.lang.Object, java.lang.Object, java.lang.Object, java.lang.Object, java.lang.Object, long)'> (0x000000008b08c178) 
thrown [open/src/hotspot/share/interpreter/linkResolver.cpp, line 773]
Event: 112.323 Thread 0x00007f7835d8bc50 Exception <a 'java/lang/NoSuchMethodError'{0x000000008b08f948}: 'java.lang.Object java.lang.invoke.Invokers$Holder.linkToTargetMethod(java.lang.Object, java.lang.Object, java.lang.Object, long, java.lang.Object)'> (0x000000008b08f948) 
thrown [open/src/hotspot/share/interpreter/linkResolver.cpp, line 773]
Event: 112.685 Thread 0x00007f7835d8bc50 Exception <a 'java/lang/NoSuchMethodError'{0x000000008ad8c540}: 'java.lang.Object java.lang.invoke.DirectMethodHandle$Holder.invokeStatic(java.lang.Object, int, int)'> (0x000000008ad8c540) 
thrown [open/src/hotspot/share/interpreter/linkResolver.cpp, line 773]

ZGC Phase Switch (0 events):
No events

VM Operations (20 events):
Event: 112.416 Executing VM operation: HandshakeAllThreads (Deoptimize)
Event: 112.416 Executing VM operation: HandshakeAllThreads (Deoptimize) done
Event: 112.666 Executing VM operation: HandshakeAllThreads (Deoptimize)
Event: 112.666 Executing VM operation: HandshakeAllThreads (Deoptimize) done
Event: 112.666 Executing VM operation: Cleanup
Event: 112.666 Executing VM operation: Cleanup done
Event: 113.669 Executing VM operation: Cleanup
Event: 113.669 Executing VM operation: Cleanup done
Event: 120.413 Executing VM operation: HandshakeAllThreads (HandshakeForDeflation)
Event: 120.413 Executing VM operation: HandshakeAllThreads (HandshakeForDeflation) done
Event: 120.414 Executing VM operation: RendezvousGCThreads
Event: 120.414 Executing VM operation: RendezvousGCThreads done
Event: 124.039 Executing VM operation: HandshakeAllThreads (Deoptimize)
Event: 124.039 Executing VM operation: HandshakeAllThreads (Deoptimize) done
Event: 124.039 Executing VM operation: Cleanup
Event: 124.039 Executing VM operation: Cleanup done
Event: 124.084 Executing VM operation: HandshakeAllThreads (Deoptimize)
Event: 124.084 Executing VM operation: HandshakeAllThreads (Deoptimize) done
Event: 125.088 Executing VM operation: Cleanup
Event: 125.088 Executing VM operation: Cleanup done

Events (20 events):
Event: 36.683 Protecting memory [0x00007f78140e2000,0x00007f78140e6000] with protection modes 0
Event: 36.683 Thread 0x00007f7835d95c90 Thread added: 0x00007f7835d95c90
Event: 36.684 Protecting memory [0x00007f7807f00000,0x00007f7807f04000] with protection modes 0
Event: 36.684 Thread 0x00007f7835d97220 Thread added: 0x00007f7835d97220
Event: 36.684 Protecting memory [0x00007f7807dff000,0x00007f7807e03000] with protection modes 0
Event: 36.704 Thread 0x00007f7835d9a170 Thread added: 0x00007f7835d9a170
Event: 36.704 Protecting memory [0x00007f7807cfe000,0x00007f7807d02000] with protection modes 0
Event: 36.717 Thread 0x00007f7835da2ae0 Thread added: 0x00007f7835da2ae0
Event: 36.717 Protecting memory [0x00007f7807bfd000,0x00007f7807c01000] with protection modes 0
Event: 36.758 Thread 0x00007f7834029f50 Thread exited: 0x00007f7834029f50
Event: 36.758 Protecting memory [0x00007f7838409000,0x00007f783840d000] with protection modes 0
Event: 36.758 Thread 0x00007f7834029f50 Thread added: 0x00007f7834029f50
Event: 41.740 Thread 0x00007f77a81d6640 Thread exited: 0x00007f77a81d6640
Event: 43.719 Thread 0x00007f77a80837a0 Thread exited: 0x00007f77a80837a0
Event: 112.321 Thread 0x00007f77a81d6590 Thread added: 0x00007f77a81d6590
Event: 112.321 Protecting memory [0x00007f7815cfe000,0x00007f7815d02000] with protection modes 0
Event: 117.731 Thread 0x00007f77a81d6590 Thread exited: 0x00007f77a81d6590
Event: 124.140 Thread 0x00007f77a8283b20 Thread added: 0x00007f77a8283b20
Event: 124.140 Protecting memory [0x00007f7815cfe000,0x00007f7815d02000] with protection modes 0
Event: 133.510 Thread 0x00007f77a8283b20 Thread exited: 0x00007f77a8283b20


Dynamic libraries:
88800000-8b600000 rw-p 00000000 00:00 0 
8b600000-8e700000 ---p 00000000 00:00 0 
8e700000-8ed00000 rw-p 00000000 00:00 0 
8ed00000-8ff00000 ---p 00000000 00:00 0 
8ff00000-90000000 rw-p 00000000 00:00 0 
90000000-ffb00000 ---p 00000000 00:00 0 
ffb00000-ffe00000 rw-p 00000000 00:00 0 
ffe00000-fff09000 rw-p 00cb8000 08:20 52097                              /home/joaoyutaka/java/jdk-22/lib/server/classes.jsa
fff09000-100000000 rw-p 00000000 00:00 0 
55b37e71d000-55b37e71e000 r-xp 00000000 08:20 45936                      /home/joaoyutaka/java/jdk-22/bin/java
55b37e71f000-55b37e720000 r--p 00001000 08:20 45936                      /home/joaoyutaka/java/jdk-22/bin/java
55b37e720000-55b37e721000 rw-p 00002000 08:20 45936                      /home/joaoyutaka/java/jdk-22/bin/java
55b37f7f9000-55b37f841000 rw-p 00000000 00:00 0                          [heap]
7f7714000000-7f7714021000 rw-p 00000000 00:00 0 
7f7714021000-7f7718000000 ---p 00000000 00:00 0 
7f771c000000-7f771c021000 rw-p 00000000 00:00 0 
7f771c021000-7f7720000000 ---p 00000000 00:00 0 
7f7720000000-7f7720021000 rw-p 00000000 00:00 0 
7f7720021000-7f7724000000 ---p 00000000 00:00 0 
7f7724000000-7f7724021000 rw-p 00000000 00:00 0 
7f7724021000-7f7728000000 ---p 00000000 00:00 0 
7f7728000000-7f7728021000 rw-p 00000000 00:00 0 
7f7728021000-7f772c000000 ---p 00000000 00:00 0 
7f772c000000-7f772c021000 rw-p 00000000 00:00 0 
7f772c021000-7f7730000000 ---p 00000000 00:00 0 
7f7730000000-7f7730023000 rw-p 00000000 00:00 0 
7f7730023000-7f7734000000 ---p 00000000 00:00 0 
7f7734000000-7f7734021000 rw-p 00000000 00:00 0 
7f7734021000-7f7738000000 ---p 00000000 00:00 0 
7f7738000000-7f7738021000 rw-p 00000000 00:00 0 
7f7738021000-7f773c000000 ---p 00000000 00:00 0 
7f773c000000-7f773c05e000 rw-p 00000000 00:00 0 
7f773c05e000-7f7740000000 ---p 00000000 00:00 0 
7f7740000000-7f7740021000 rw-p 00000000 00:00 0 
7f7740021000-7f7744000000 ---p 00000000 00:00 0 
7f7744000000-7f7744021000 rw-p 00000000 00:00 0 
7f7744021000-7f7748000000 ---p 00000000 00:00 0 
7f7748000000-7f7748021000 rw-p 00000000 00:00 0 
7f7748021000-7f774c000000 ---p 00000000 00:00 0 
7f774c000000-7f774c021000 rw-p 00000000 00:00 0 
7f774c021000-7f7750000000 ---p 00000000 00:00 0 
7f7750000000-7f7750021000 rw-p 00000000 00:00 0 
7f7750021000-7f7754000000 ---p 00000000 00:00 0 
7f7754000000-7f7754021000 rw-p 00000000 00:00 0 
7f7754021000-7f7758000000 ---p 00000000 00:00 0 
7f7758000000-7f7758021000 rw-p 00000000 00:00 0 
7f7758021000-7f775c000000 ---p 00000000 00:00 0 
7f775c000000-7f775c021000 rw-p 00000000 00:00 0 
7f775c021000-7f7760000000 ---p 00000000 00:00 0 
7f7760000000-7f7760021000 rw-p 00000000 00:00 0 
7f7760021000-7f7764000000 ---p 00000000 00:00 0 
7f7764000000-7f7764021000 rw-p 00000000 00:00 0 
7f7764021000-7f7768000000 ---p 00000000 00:00 0 
7f7768000000-7f7768021000 rw-p 00000000 00:00 0 
7f7768021000-7f776c000000 ---p 00000000 00:00 0 
7f776c000000-7f776c021000 rw-p 00000000 00:00 0 
7f776c021000-7f7770000000 ---p 00000000 00:00 0 
7f7770000000-7f7770021000 rw-p 00000000 00:00 0 
7f7770021000-7f7774000000 ---p 00000000 00:00 0 
7f7774000000-7f7774021000 rw-p 00000000 00:00 0 
7f7774021000-7f7778000000 ---p 00000000 00:00 0 
7f7778000000-7f7778021000 rw-p 00000000 00:00 0 
7f7778021000-7f777c000000 ---p 00000000 00:00 0 
7f777c000000-7f777c09b000 rw-p 00000000 00:00 0 
7f777c09b000-7f7780000000 ---p 00000000 00:00 0 
7f7780000000-7f7780021000 rw-p 00000000 00:00 0 
7f7780021000-7f7784000000 ---p 00000000 00:00 0 
7f7784000000-7f7784021000 rw-p 00000000 00:00 0 
7f7784021000-7f7788000000 ---p 00000000 00:00 0 
7f7788000000-7f77882c3000 rw-p 00000000 00:00 0 
7f77882c3000-7f778c000000 ---p 00000000 00:00 0 
7f778c000000-7f778c298000 rw-p 00000000 00:00 0 
7f778c298000-7f7790000000 ---p 00000000 00:00 0 
7f7790000000-7f7790021000 rw-p 00000000 00:00 0 
7f7790021000-7f7794000000 ---p 00000000 00:00 0 
7f7794000000-7f779414d000 rw-p 00000000 00:00 0 
7f779414d000-7f7798000000 ---p 00000000 00:00 0 
7f7798000000-7f779809c000 rw-p 00000000 00:00 0 
7f779809c000-7f779c000000 ---p 00000000 00:00 0 
7f779c000000-7f779c021000 rw-p 00000000 00:00 0 
7f779c021000-7f77a0000000 ---p 00000000 00:00 0 
7f77a0000000-7f77a0021000 rw-p 00000000 00:00 0 
7f77a0021000-7f77a4000000 ---p 00000000 00:00 0 
7f77a4000000-7f77a4021000 rw-p 00000000 00:00 0 
7f77a4021000-7f77a8000000 ---p 00000000 00:00 0 
7f77a8000000-7f77a8304000 rw-p 00000000 00:00 0 
7f77a8304000-7f77ac000000 ---p 00000000 00:00 0 
7f77ac000000-7f77ac021000 rw-p 00000000 00:00 0 
7f77ac021000-7f77b0000000 ---p 00000000 00:00 0 
7f77b0000000-7f77b0021000 rw-p 00000000 00:00 0 
7f77b0021000-7f77b4000000 ---p 00000000 00:00 0 
7f77b4000000-7f77b4021000 rw-p 00000000 00:00 0 
7f77b4021000-7f77b8000000 ---p 00000000 00:00 0 
7f77b8000000-7f77b8021000 rw-p 00000000 00:00 0 
7f77b8021000-7f77bc000000 ---p 00000000 00:00 0 
7f77bc000000-7f77bc021000 rw-p 00000000 00:00 0 
7f77bc021000-7f77c0000000 ---p 00000000 00:00 0 
7f77c2000000-7f77c2400000 rw-p 00000000 00:00 0 
7f77c2400000-7f77c2dc0000 rw-p 00000000 00:00 0 
7f77c2dc0000-7f77c3180000 rw-p 00000000 00:00 0 
7f77c3180000-7f77c3200000 rw-p 00000000 00:00 0 
7f77c3200000-7f77c3500000 rw-p 00000000 00:00 0 
7f77c3500000-7f77c3600000 rw-p 00000000 00:00 0 
7f77c3600000-7f77c3f00000 rw-p 00000000 00:00 0 
7f77c3f00000-7f77c3f90000 rw-p 00000000 00:00 0 
7f77c3f90000-7f77c4000000 ---p 00000000 00:00 0 
7f77c4000000-7f77c50d0000 rw-p 00000000 00:00 0 
7f77c50d0000-7f77c6000000 ---p 00000000 00:00 0 
7f77c6000000-7f77c6c79000 rw-p 00001000 08:20 52097                      /home/joaoyutaka/java/jdk-22/lib/server/classes.jsa
7f77c6c79000-7f77c7000000 ---p 00000000 00:00 0 
7f77c7000000-7f77c7040000 rw-p 00000000 00:00 0 
7f77c7040000-7f77c7080000 rw-p 00000000 00:00 0 
7f77c7080000-7f77c70e0000 rw-p 00000000 00:00 0 
7f77c70e0000-7f77c7100000 rw-p 00000000 00:00 0 
7f77c7100000-7f77c7180000 rw-p 00000000 00:00 0 
7f77c7180000-7f77c7380000 rw-p 00000000 00:00 0 
7f77c7380000-7f77c74e0000 rw-p 00000000 00:00 0 
7f77c74e0000-7f77c7500000 rw-p 00000000 00:00 0 
7f77c7500000-7f77c7840000 rw-p 00000000 00:00 0 
7f77c7840000-7f77c7850000 rw-p 00000000 00:00 0 
7f77c7850000-7f77c7880000 ---p 00000000 00:00 0 
7f77c7880000-7f77c7890000 rw-p 00000000 00:00 0 
7f77c7890000-7f7807000000 ---p 00000000 00:00 0 
7f7807bfc000-7f7807bfd000 ---p 00000000 00:00 0 
7f7807bfd000-7f7807c01000 ---p 00000000 00:00 0 
7f7807c01000-7f7807cfd000 rw-p 00000000 00:00 0 
7f7807cfd000-7f7807cfe000 ---p 00000000 00:00 0 
7f7807cfe000-7f7807d02000 ---p 00000000 00:00 0 
7f7807d02000-7f7807dfe000 rw-p 00000000 00:00 0 
7f7807dfe000-7f7807dff000 ---p 00000000 00:00 0 
7f7807dff000-7f7807e03000 ---p 00000000 00:00 0 
7f7807e03000-7f7807eff000 rw-p 00000000 00:00 0 
7f7807eff000-7f7807f00000 ---p 00000000 00:00 0 
7f7807f00000-7f7807f04000 ---p 00000000 00:00 0 
7f7807f04000-7f7808000000 rw-p 00000000 00:00 0 
7f7808000000-7f7808021000 rw-p 00000000 00:00 0 
7f7808021000-7f780c000000 ---p 00000000 00:00 0 
7f780c000000-7f780c021000 rw-p 00000000 00:00 0 
7f780c021000-7f7810000000 ---p 00000000 00:00 0 
7f7810000000-7f7810021000 rw-p 00000000 00:00 0 
7f7810021000-7f7814000000 ---p 00000000 00:00 0 
7f78140e1000-7f78140e2000 ---p 00000000 00:00 0 
7f78140e2000-7f78140e6000 ---p 00000000 00:00 0 
7f78140e6000-7f78141e2000 rw-p 00000000 00:00 0 
7f78141e2000-7f78141e3000 ---p 00000000 00:00 0 
7f78141e3000-7f78141e7000 ---p 00000000 00:00 0 
7f78141e7000-7f78142e3000 rw-p 00000000 00:00 0 
7f78142e3000-7f78142e4000 ---p 00000000 00:00 0 
7f78142e4000-7f78142e8000 ---p 00000000 00:00 0 
7f78142e8000-7f78143e4000 rw-p 00000000 00:00 0 
7f78143e4000-7f78143e5000 ---p 00000000 00:00 0 
7f78143e5000-7f78143e9000 ---p 00000000 00:00 0 
7f78143e9000-7f78144e5000 rw-p 00000000 00:00 0 
7f78144e5000-7f78144e6000 ---p 00000000 00:00 0 
7f78144e6000-7f78144ea000 ---p 00000000 00:00 0 
7f78144ea000-7f78145e6000 rw-p 00000000 00:00 0 
7f78145e6000-7f78145e7000 ---p 00000000 00:00 0 
7f78145e7000-7f78145eb000 ---p 00000000 00:00 0 
7f78145eb000-7f78146e7000 rw-p 00000000 00:00 0 
7f78146e7000-7f78146e8000 ---p 00000000 00:00 0 
7f78146e8000-7f78146ec000 ---p 00000000 00:00 0 
7f78146ec000-7f78147e8000 rw-p 00000000 00:00 0 
7f78147e8000-7f78147e9000 ---p 00000000 00:00 0 
7f78147e9000-7f78147ed000 ---p 00000000 00:00 0 
7f78147ed000-7f78148e9000 rw-p 00000000 00:00 0 
7f78148e9000-7f78148ea000 ---p 00000000 00:00 0 
7f78148ea000-7f78148ee000 ---p 00000000 00:00 0 
7f78148ee000-7f78149ea000 rw-p 00000000 00:00 0 
7f78149ea000-7f78149eb000 ---p 00000000 00:00 0 
7f78149eb000-7f78149ef000 ---p 00000000 00:00 0 
7f78149ef000-7f7814aeb000 rw-p 00000000 00:00 0 
7f7814aeb000-7f7814aec000 ---p 00000000 00:00 0 
7f7814aec000-7f7814af0000 ---p 00000000 00:00 0 
7f7814af0000-7f7814bec000 rw-p 00000000 00:00 0 
7f7814bec000-7f7814bed000 ---p 00000000 00:00 0 
7f7814bed000-7f7814ced000 rw-p 00000000 00:00 0 
7f7814ced000-7f7814cee000 ---p 00000000 00:00 0 
7f7814cee000-7f7814dee000 rw-p 00000000 00:00 0 
7f7814dee000-7f7814def000 ---p 00000000 00:00 0 
7f7814def000-7f7814eef000 rw-p 00000000 00:00 0 
7f7814eef000-7f7814ef0000 ---p 00000000 00:00 0 
7f7814ef0000-7f7814ff0000 rw-p 00000000 00:00 0 
7f7814ff0000-7f7814ff1000 ---p 00000000 00:00 0 
7f7814ff1000-7f78150f1000 rw-p 00000000 00:00 0 
7f78150f1000-7f78150f2000 ---p 00000000 00:00 0 
7f78150f2000-7f78151f2000 rw-p 00000000 00:00 0 
7f78151f2000-7f78151f3000 ---p 00000000 00:00 0 
7f78151f3000-7f78152f3000 rw-p 00000000 00:00 0 
7f78152f3000-7f78152f4000 ---p 00000000 00:00 0 
7f78152f4000-7f78153f4000 rw-p 00000000 00:00 0 
7f78153f4000-7f78153f5000 ---p 00000000 00:00 0 
7f78153f5000-7f78154f5000 rw-p 00000000 00:00 0 
7f78154f5000-7f78154f6000 ---p 00000000 00:00 0 
7f78154f6000-7f78155f6000 rw-p 00000000 00:00 0 
7f78155f6000-7f78155f7000 ---p 00000000 00:00 0 
7f78155f7000-7f78156f7000 rw-p 00000000 00:00 0 
7f78156f7000-7f78156f8000 ---p 00000000 00:00 0 
7f78156f8000-7f78156fc000 ---p 00000000 00:00 0 
7f78156fc000-7f78157f8000 rw-p 00000000 00:00 0 
7f78157f8000-7f78157f9000 ---p 00000000 00:00 0 
7f78157f9000-7f78157fd000 ---p 00000000 00:00 0 
7f78157fd000-7f78158f9000 rw-p 00000000 00:00 0 
7f78158f9000-7f78158fa000 ---p 00000000 00:00 0 
7f78158fa000-7f78159fa000 rw-p 00000000 00:00 0 
7f78159fa000-7f78159fb000 ---p 00000000 00:00 0 
7f78159fb000-7f7815afb000 rw-p 00000000 00:00 0 
7f7815afb000-7f7815afc000 ---p 00000000 00:00 0 
7f7815afc000-7f7815b00000 ---p 00000000 00:00 0 
7f7815b00000-7f7815bfc000 rw-p 00000000 00:00 0 
7f7815bfc000-7f7815bfd000 ---p 00000000 00:00 0 
7f7815bfd000-7f7815c01000 ---p 00000000 00:00 0 
7f7815c01000-7f7815cfd000 rw-p 00000000 00:00 0 
7f7815cfd000-7f7815cfe000 ---p 00000000 00:00 0 
7f7815cfe000-7f7815d02000 ---p 00000000 00:00 0 
7f7815d02000-7f7815dfe000 rw-p 00000000 00:00 0 
7f7815dfe000-7f7815dff000 ---p 00000000 00:00 0 
7f7815dff000-7f7815e03000 ---p 00000000 00:00 0 
7f7815e03000-7f7815eff000 rw-p 00000000 00:00 0 
7f7815eff000-7f7815f00000 ---p 00000000 00:00 0 
7f7815f00000-7f7815f04000 ---p 00000000 00:00 0 
7f7815f04000-7f7818000000 rw-p 00000000 00:00 0 
7f7818000000-7f7818021000 rw-p 00000000 00:00 0 
7f7818021000-7f781c000000 ---p 00000000 00:00 0 
7f781c000000-7f781c021000 rw-p 00000000 00:00 0 
7f781c021000-7f7820000000 ---p 00000000 00:00 0 
7f7820000000-7f7820021000 rw-p 00000000 00:00 0 
7f7820021000-7f7824000000 ---p 00000000 00:00 0 
7f782407b000-7f782407d000 r-xp 00000000 08:20 52021                      /home/joaoyutaka/java/jdk-22/lib/libextnet.so
7f782407d000-7f782407e000 r--p 00001000 08:20 52021                      /home/joaoyutaka/java/jdk-22/lib/libextnet.so
7f782407e000-7f782407f000 rw-p 00002000 08:20 52021                      /home/joaoyutaka/java/jdk-22/lib/libextnet.so
7f782407f000-7f782408c000 r-xp 00000000 08:20 52087                      /home/joaoyutaka/java/jdk-22/lib/libverify.so
7f782408c000-7f782408e000 r--p 0000c000 08:20 52087                      /home/joaoyutaka/java/jdk-22/lib/libverify.so
7f782408e000-7f782408f000 rw-p 0000e000 08:20 52087                      /home/joaoyutaka/java/jdk-22/lib/libverify.so
7f782408f000-7f7824094000 r-xp 00000000 08:20 52071                      /home/joaoyutaka/java/jdk-22/lib/libmanagement_ext.so
7f7824094000-7f7824095000 ---p 00005000 08:20 52071                      /home/joaoyutaka/java/jdk-22/lib/libmanagement_ext.so
7f7824095000-7f7824096000 r--p 00005000 08:20 52071                      /home/joaoyutaka/java/jdk-22/lib/libmanagement_ext.so
7f7824096000-7f7824097000 rw-p 00006000 08:20 52071                      /home/joaoyutaka/java/jdk-22/lib/libmanagement_ext.so
7f7824097000-7f782409b000 r-xp 00000000 08:20 52069                      /home/joaoyutaka/java/jdk-22/lib/libmanagement.so
7f782409b000-7f782409c000 r--p 00003000 08:20 52069                      /home/joaoyutaka/java/jdk-22/lib/libmanagement.so
7f782409c000-7f782409d000 rw-p 00004000 08:20 52069                      /home/joaoyutaka/java/jdk-22/lib/libmanagement.so
7f782409d000-7f78240b9000 r-xp 00000000 08:20 52068                      /home/joaoyutaka/java/jdk-22/lib/lible.so
7f78240b9000-7f78240bb000 r--p 0001b000 08:20 52068                      /home/joaoyutaka/java/jdk-22/lib/lible.so
7f78240bb000-7f78240bc000 rw-p 0001d000 08:20 52068                      /home/joaoyutaka/java/jdk-22/lib/lible.so
7f78240bc000-7f78240c7000 r-xp 00000000 08:20 52073                      /home/joaoyutaka/java/jdk-22/lib/libnet.so
7f78240c7000-7f78240c8000 ---p 0000b000 08:20 52073                      /home/joaoyutaka/java/jdk-22/lib/libnet.so
7f78240c8000-7f78240c9000 r--p 0000b000 08:20 52073                      /home/joaoyutaka/java/jdk-22/lib/libnet.so
7f78240c9000-7f78240ca000 rw-p 0000c000 08:20 52073                      /home/joaoyutaka/java/jdk-22/lib/libnet.so
7f78240ca000-7f78240dd000 r-xp 00000000 08:20 52074                      /home/joaoyutaka/java/jdk-22/lib/libnio.so
7f78240dd000-7f78240de000 ---p 00013000 08:20 52074                      /home/joaoyutaka/java/jdk-22/lib/libnio.so
7f78240de000-7f78240df000 r--p 00013000 08:20 52074                      /home/joaoyutaka/java/jdk-22/lib/libnio.so
7f78240df000-7f78240e0000 rw-p 00014000 08:20 52074                      /home/joaoyutaka/java/jdk-22/lib/libnio.so
7f78240e0000-7f78240e1000 ---p 00000000 00:00 0 
7f78240e1000-7f78240e5000 ---p 00000000 00:00 0 
7f78240e5000-7f78241e1000 rw-p 00000000 00:00 0 
7f78241e1000-7f78241e2000 ---p 00000000 00:00 0 
7f78241e2000-7f78241e6000 ---p 00000000 00:00 0 
7f78241e6000-7f78242e2000 rw-p 00000000 00:00 0 
7f78242e2000-7f78242e3000 ---p 00000000 00:00 0 
7f78242e3000-7f78242e7000 ---p 00000000 00:00 0 
7f78242e7000-7f78243e3000 rw-p 00000000 00:00 0 
7f78243e3000-7f78243e4000 ---p 00000000 00:00 0 
7f78243e4000-7f78243e8000 ---p 00000000 00:00 0 
7f78243e8000-7f78244e4000 rw-p 00000000 00:00 0 
7f78244e4000-7f78244e5000 ---p 00000000 00:00 0 
7f78244e5000-7f78244e9000 ---p 00000000 00:00 0 
7f78244e9000-7f78245e5000 rw-p 00000000 00:00 0 
7f78245e5000-7f78245e6000 ---p 00000000 00:00 0 
7f78245e6000-7f78245ea000 ---p 00000000 00:00 0 
7f78245ea000-7f78246e6000 rw-p 00000000 00:00 0 
7f78246e6000-7f782473d000 r--p 00000000 08:20 4833                       /usr/lib/locale/C.utf8/LC_CTYPE
7f782473d000-7f782473e000 ---p 00000000 00:00 0 
7f782473e000-7f782483e000 rw-p 00000000 00:00 0 
7f782483e000-7f782483f000 ---p 00000000 00:00 0 
7f782483f000-7f7824a1b000 rw-p 00000000 00:00 0 
7f7824a1b000-7f7824a1c000 ---p 00000000 00:00 0 
7f7824a1c000-7f7824b1c000 rw-p 00000000 00:00 0 
7f7824b1c000-7f7824b1d000 ---p 00000000 00:00 0 
7f7824b1d000-7f782592a000 rw-p 00000000 00:00 0 
7f782592a000-7f782592b000 ---p 00000000 00:00 0 
7f782592b000-7f7825a2b000 rw-p 00000000 00:00 0 
7f7825a2b000-7f7825a2c000 ---p 00000000 00:00 0 
7f7825a2c000-7f7825b2c000 rw-p 00000000 00:00 0 
7f7825b2c000-7f7825b2d000 ---p 00000000 00:00 0 
7f7825b2d000-7f7825d9d000 rw-p 00000000 00:00 0 
7f7825d9d000-7f7825e61000 ---p 00000000 00:00 0 
7f7825e61000-7f7825e79000 rw-p 00000000 00:00 0 
7f7825e79000-7f7825ec1000 ---p 00000000 00:00 0 
7f7825ec1000-7f7825ec5000 rw-p 00000000 00:00 0 
7f7825ec5000-7f7827ab1000 ---p 00000000 00:00 0 
7f7827ab1000-7f7827adc000 rw-p 00000000 00:00 0 
7f7827adc000-7f7827af4000 ---p 00000000 00:00 0 
7f7827af4000-7f7827af8000 rw-p 00000000 00:00 0 
7f7827af8000-7f7827b00000 ---p 00000000 00:00 0 
7f7827b00000-7f7827b01000 rw-p 00000000 00:00 0 
7f7827b01000-7f7827e7e000 ---p 00000000 00:00 0 
7f7827e7e000-7f7827e98000 rw-p 00000000 00:00 0 
7f7827e98000-7f7827eb0000 ---p 00000000 00:00 0 
7f7827eb0000-7f7827eb4000 rw-p 00000000 00:00 0 
7f7827eb4000-7f7827ebc000 ---p 00000000 00:00 0 
7f7827ebc000-7f7827ebd000 rw-p 00000000 00:00 0 
7f7827ebd000-7f782823a000 ---p 00000000 00:00 0 
7f782823a000-7f7828c47000 rw-p 00000000 00:00 0 
7f7828c47000-7f7829667000 rwxp 00000000 00:00 0 
7f7829667000-7f782bc47000 ---p 00000000 00:00 0 
7f782bc47000-7f7834000000 r--s 00000000 08:20 52089                      /home/joaoyutaka/java/jdk-22/lib/modules
7f7834000000-7f7835dab000 rw-p 00000000 00:00 0 
7f7835dab000-7f7838000000 ---p 00000000 00:00 0 
7f7838000000-7f7838007000 r-xp 00000000 08:20 52088                      /home/joaoyutaka/java/jdk-22/lib/libzip.so
7f7838007000-7f7838008000 ---p 00007000 08:20 52088                      /home/joaoyutaka/java/jdk-22/lib/libzip.so
7f7838008000-7f7838009000 r--p 00007000 08:20 52088                      /home/joaoyutaka/java/jdk-22/lib/libzip.so
7f7838009000-7f783800a000 rw-p 00008000 08:20 52088                      /home/joaoyutaka/java/jdk-22/lib/libzip.so
7f783800a000-7f783800b000 r--p 00000000 08:20 4839                       /usr/lib/locale/C.utf8/LC_NUMERIC
7f783800b000-7f783800c000 r--p 00000000 08:20 4842                       /usr/lib/locale/C.utf8/LC_TIME
7f783800c000-7f783800d000 r--p 00000000 08:20 4832                       /usr/lib/locale/C.utf8/LC_COLLATE
7f783800d000-7f783800e000 r--p 00000000 08:20 4837                       /usr/lib/locale/C.utf8/LC_MONETARY
7f783800e000-7f783800f000 r--p 00000000 08:20 4836                       /usr/lib/locale/C.utf8/LC_MESSAGES/SYS_LC_MESSAGES
7f783800f000-7f7838010000 r--p 00000000 08:20 4840                       /usr/lib/locale/C.utf8/LC_PAPER
7f7838010000-7f7838011000 r--p 00000000 08:20 4838                       /usr/lib/locale/C.utf8/LC_NAME
7f7838011000-7f7838018000 r--s 00000000 08:20 37681                      /usr/lib/x86_64-linux-gnu/gconv/gconv-modules.cache
7f7838018000-7f7838371000 rw-p 00000000 00:00 0 
7f7838371000-7f78383bc000 ---p 00000000 00:00 0 
7f78383bc000-7f78383dc000 r-xp 00000000 08:20 52038                      /home/joaoyutaka/java/jdk-22/lib/libjava.so
7f78383dc000-7f78383dd000 ---p 00020000 08:20 52038                      /home/joaoyutaka/java/jdk-22/lib/libjava.so
7f78383dd000-7f78383de000 r--p 00020000 08:20 52038                      /home/joaoyutaka/java/jdk-22/lib/libjava.so
7f78383de000-7f78383df000 rw-p 00021000 08:20 52038                      /home/joaoyutaka/java/jdk-22/lib/libjava.so
7f78383df000-7f78383e0000 rw-p 00000000 00:00 0 
7f78383e0000-7f78383e8000 rw-s 00000000 08:20 52158                      /tmp/hsperfdata_joaoyutaka/68090
7f78383e8000-7f7838406000 r-xp 00000000 08:20 52051                      /home/joaoyutaka/java/jdk-22/lib/libjimage.so
7f7838406000-7f7838408000 r--p 0001d000 08:20 52051                      /home/joaoyutaka/java/jdk-22/lib/libjimage.so
7f7838408000-7f7838409000 rw-p 0001f000 08:20 52051                      /home/joaoyutaka/java/jdk-22/lib/libjimage.so
7f7838409000-7f783840d000 ---p 00000000 00:00 0 
7f783840d000-7f7838509000 rw-p 00000000 00:00 0 
7f7838509000-7f7838517000 r--p 00000000 08:20 37401                      /usr/lib/x86_64-linux-gnu/libm.so.6
7f7838517000-7f7838593000 r-xp 0000e000 08:20 37401                      /usr/lib/x86_64-linux-gnu/libm.so.6
7f7838593000-7f78385ee000 r--p 0008a000 08:20 37401                      /usr/lib/x86_64-linux-gnu/libm.so.6
7f78385ee000-7f78385ef000 r--p 000e4000 08:20 37401                      /usr/lib/x86_64-linux-gnu/libm.so.6
7f78385ef000-7f78385f0000 rw-p 000e5000 08:20 37401                      /usr/lib/x86_64-linux-gnu/libm.so.6
7f78385f0000-7f78385f1000 r--p 00000000 08:20 37413                      /usr/lib/x86_64-linux-gnu/librt.so.1
7f78385f1000-7f78385f2000 r-xp 00001000 08:20 37413                      /usr/lib/x86_64-linux-gnu/librt.so.1
7f78385f2000-7f78385f3000 r--p 00002000 08:20 37413                      /usr/lib/x86_64-linux-gnu/librt.so.1
7f78385f3000-7f78385f4000 r--p 00002000 08:20 37413                      /usr/lib/x86_64-linux-gnu/librt.so.1
7f78385f4000-7f78385f5000 rw-p 00003000 08:20 37413                      /usr/lib/x86_64-linux-gnu/librt.so.1
7f78385f5000-7f7839935000 r-xp 00000000 08:20 52100                      /home/joaoyutaka/java/jdk-22/lib/server/libjvm.so
7f7839935000-7f7839a02000 r--p 0133f000 08:20 52100                      /home/joaoyutaka/java/jdk-22/lib/server/libjvm.so
7f7839a02000-7f7839a30000 rw-p 0140c000 08:20 52100                      /home/joaoyutaka/java/jdk-22/lib/server/libjvm.so
7f7839a30000-7f7839aaa000 rw-p 00000000 00:00 0 
7f7839aaa000-7f7839ad2000 r--p 00000000 08:20 37398                      /usr/lib/x86_64-linux-gnu/libc.so.6
7f7839ad2000-7f7839c67000 r-xp 00028000 08:20 37398                      /usr/lib/x86_64-linux-gnu/libc.so.6
7f7839c67000-7f7839cbf000 r--p 001bd000 08:20 37398                      /usr/lib/x86_64-linux-gnu/libc.so.6
7f7839cbf000-7f7839cc0000 ---p 00215000 08:20 37398                      /usr/lib/x86_64-linux-gnu/libc.so.6
7f7839cc0000-7f7839cc4000 r--p 00215000 08:20 37398                      /usr/lib/x86_64-linux-gnu/libc.so.6
7f7839cc4000-7f7839cc6000 rw-p 00219000 08:20 37398                      /usr/lib/x86_64-linux-gnu/libc.so.6
7f7839cc6000-7f7839cd3000 rw-p 00000000 00:00 0 
7f7839cd3000-7f7839cd4000 r--p 00000000 08:20 37400                      /usr/lib/x86_64-linux-gnu/libdl.so.2
7f7839cd4000-7f7839cd5000 r-xp 00001000 08:20 37400                      /usr/lib/x86_64-linux-gnu/libdl.so.2
7f7839cd5000-7f7839cd6000 r--p 00002000 08:20 37400                      /usr/lib/x86_64-linux-gnu/libdl.so.2
7f7839cd6000-7f7839cd7000 r--p 00002000 08:20 37400                      /usr/lib/x86_64-linux-gnu/libdl.so.2
7f7839cd7000-7f7839cd8000 rw-p 00003000 08:20 37400                      /usr/lib/x86_64-linux-gnu/libdl.so.2
7f7839cd8000-7f7839cd9000 r--p 00000000 08:20 37411                      /usr/lib/x86_64-linux-gnu/libpthread.so.0
7f7839cd9000-7f7839cda000 r-xp 00001000 08:20 37411                      /usr/lib/x86_64-linux-gnu/libpthread.so.0
7f7839cda000-7f7839cdb000 r--p 00002000 08:20 37411                      /usr/lib/x86_64-linux-gnu/libpthread.so.0
7f7839cdb000-7f7839cdc000 r--p 00002000 08:20 37411                      /usr/lib/x86_64-linux-gnu/libpthread.so.0
7f7839cdc000-7f7839cdd000 rw-p 00003000 08:20 37411                      /usr/lib/x86_64-linux-gnu/libpthread.so.0
7f7839cdd000-7f7839cec000 r-xp 00000000 08:20 52052                      /home/joaoyutaka/java/jdk-22/lib/libjli.so
7f7839cec000-7f7839ced000 r--p 0000e000 08:20 52052                      /home/joaoyutaka/java/jdk-22/lib/libjli.so
7f7839ced000-7f7839cee000 rw-p 0000f000 08:20 52052                      /home/joaoyutaka/java/jdk-22/lib/libjli.so
7f7839cee000-7f7839cf0000 r--p 00000000 08:20 6877                       /usr/lib/x86_64-linux-gnu/libz.so.1.2.11
7f7839cf0000-7f7839d01000 r-xp 00002000 08:20 6877                       /usr/lib/x86_64-linux-gnu/libz.so.1.2.11
7f7839d01000-7f7839d07000 r--p 00013000 08:20 6877                       /usr/lib/x86_64-linux-gnu/libz.so.1.2.11
7f7839d07000-7f7839d08000 ---p 00019000 08:20 6877                       /usr/lib/x86_64-linux-gnu/libz.so.1.2.11
7f7839d08000-7f7839d09000 r--p 00019000 08:20 6877                       /usr/lib/x86_64-linux-gnu/libz.so.1.2.11
7f7839d09000-7f7839d0a000 rw-p 0001a000 08:20 6877                       /usr/lib/x86_64-linux-gnu/libz.so.1.2.11
7f7839d0a000-7f7839d0b000 r--p 00000000 08:20 4830                       /usr/lib/locale/C.utf8/LC_ADDRESS
7f7839d0b000-7f7839d0c000 r--p 00000000 08:20 4841                       /usr/lib/locale/C.utf8/LC_TELEPHONE
7f7839d0c000-7f7839d0d000 r--p 00000000 08:20 4835                       /usr/lib/locale/C.utf8/LC_MEASUREMENT
7f7839d0d000-7f7839d0e000 r--p 00000000 08:20 4834                       /usr/lib/locale/C.utf8/LC_IDENTIFICATION
7f7839d0e000-7f7839d0f000 ---p 00000000 00:00 0 
7f7839d0f000-7f7839d10000 r--p 00000000 00:00 0 
7f7839d10000-7f7839d12000 rw-p 00000000 00:00 0 
7f7839d12000-7f7839d14000 r--p 00000000 08:20 37395                      /usr/lib/x86_64-linux-gnu/ld-linux-x86-64.so.2
7f7839d14000-7f7839d3e000 r-xp 00002000 08:20 37395                      /usr/lib/x86_64-linux-gnu/ld-linux-x86-64.so.2
7f7839d3e000-7f7839d49000 r--p 0002c000 08:20 37395                      /usr/lib/x86_64-linux-gnu/ld-linux-x86-64.so.2
7f7839d49000-7f7839d4a000 ---p 00000000 00:00 0 
7f7839d4a000-7f7839d4c000 r--p 00037000 08:20 37395                      /usr/lib/x86_64-linux-gnu/ld-linux-x86-64.so.2
7f7839d4c000-7f7839d4e000 rw-p 00039000 08:20 37395                      /usr/lib/x86_64-linux-gnu/ld-linux-x86-64.so.2
7fffe8e71000-7fffe8e94000 rw-p 00000000 00:00 0                          [stack]
7fffe8fba000-7fffe8fbe000 r--p 00000000 00:00 0                          [vvar]
7fffe8fbe000-7fffe8fc0000 r-xp 00000000 00:00 0                          [vdso]
Total number of mappings: 388


VM Arguments:
jvm_args: -XX:TieredStopAtLevel=1 
java_command: com.src.barberpoint.BarberpointApplication
java_class_path (initial): /mnt/c/Users/Joao Yutaka/Barberpoint/target/classes:/home/joaoyutaka/.m2/repository/org/springframework/boot/spring-boot/3.2.4/spring-boot-3.2.4.jar:/home/joaoyutaka/.m2/repository/org/springframework/boot/spring-boot-autoconfigure/3.2.4/spring-boot-autoconfigure-3.2.4.jar:/home/joaoyutaka/.m2/repository/ch/qos/logback/logback-classic/1.4.14/logback-classic-1.4.14.jar:/home/joaoyutaka/.m2/repository/ch/qos/logback/logback-core/1.4.14/logback-core-1.4.14.jar:/home/joaoyutaka/.m2/repository/org/apache/logging/log4j/log4j-to-slf4j/2.21.1/log4j-to-slf4j-2.21.1.jar:/home/joaoyutaka/.m2/repository/org/apache/logging/log4j/log4j-api/2.21.1/log4j-api-2.21.1.jar:/home/joaoyutaka/.m2/repository/org/slf4j/jul-to-slf4j/2.0.12/jul-to-slf4j-2.0.12.jar:/home/joaoyutaka/.m2/repository/jakarta/annotation/jakarta.annotation-api/2.1.1/jakarta.annotation-api-2.1.1.jar:/home/joaoyutaka/.m2/repository/org/yaml/snakeyaml/2.2/snakeyaml-2.2.jar:/home/joaoyutaka/.m2/repository/com/fasterxml/jackson/core/jackson-databind/2.15.4/jackson-databind-2.15.4.jar:/home/joaoyutaka/.m2/repository/com/fasterxml/jackson/core/jackson-annotations/2.15.4/jackson-annotations-2.15.4.jar:/home/joaoyutaka/.m2/repository/com/fasterxml/jackson/core/jackson-core/2.15.4/jackson-core-2.15.4.jar:/home/joaoyutaka/.m2/repository/com/fasterxml/jackson/datatype/jackson-datatype-jdk8/2.15.4/jackson-datatype-jdk8-2.15.4.jar:/home/joaoyutaka/.m2/repository/com/fasterxml/jackson/datatype/jackson-datatype-jsr310/2.15.4/jackson-datatype-jsr310-2.15.4.jar:/home/joaoyutaka/.m2/repository/com/fasterxml/jackson/module/jackson-module-parameter-names/2.15.4/jackson-module-parameter-names-2.15.4.jar:/home/joaoyutaka/.m2/repository/org/apache/tomcat/embed/tomcat-embed-core/10.1.19/tomcat-embed-core-10.1.19.jar:/home/joaoyutaka/.m2/repository/org/apache/tomcat/embed/tomcat-embed-el/10.1.19/tomcat-embed-el-10.1.19.jar:/home/joaoyutaka/.m2/repository/org/apache/tomcat/embed/tomcat-embed-websocket/10.1.19/tomcat-embed-websocket-10.1.19.jar:/home/joaoyutaka/.m2/repository/org/springframework/spring-web/6.1.5/spring-web-6.1.5.jar:/home/joaoyutaka/.m2/repository/org/springframework/spring-beans/6.1.5/spring-beans-6.1.5.jar:/home/joaoyutaka/.m2/repository/io/micrometer/micrometer-observation/1.12.4/micrometer-observation-1.12.4.jar:/home/joaoyutaka/.m2/repository/io/micrometer/micrometer-commons/1.12.4/micrometer-commons-1.12.4.jar:/home/joaoyutaka/.m2/repository/org/springframework/spring-webmvc/6.1.5/spring-webmvc-6.1.5.jar:/home/joaoyutaka/.m2/repository/org/springframework/spring-aop/6.1.5/spring-aop-6.1.5.jar:/home/joaoyutaka/.m2/repository/org/springframework/spring-context/6.1.5/spring-context-6.1.5.jar:/home/joaoyutaka/.m2/repository/org/springframework/spring-expression/6.1.5/spring-expression-6.1.5.jar:/home/joaoyutaka/.m2/repository/org/slf4j/slf4j-api/2.0.12/slf4j-api-2.0.12.jar:/home/joaoyutaka/.m2/repository/jakarta/xml/bind/jakarta.xml.bind-api/4.0.2/jakarta.xml.bind-api-4.0.2.jar:/home/joaoyutaka/.m2/repository/jakarta/activation/jakarta.activation-api/2.1.3/jakarta.activation-api-2.1.3.jar:/home/joaoyutaka/.m2/repository/net/bytebuddy/byte-buddy/1.14.12/byte-buddy-1.14.12.jar:/home/joaoyutaka/.m2/repository/org/springframework/spring-core/6.1.5/spring-core-6.1.5.jar:/home/joaoyutaka/.m2/repository/org/springframework/spring-jcl/6.1.5/spring-jcl-6.1.5.jar:/home/joaoyutaka/.m2/repository/org/aspectj/aspectjweaver/1.9.21/aspectjweaver-1.9.21.jar:/home/joaoyutaka/.m2/repository/com/zaxxer/HikariCP/5.0.1/HikariCP-5.0.1.jar:/home/joaoyutaka/.m2/repository/org/springframework/spring-jdbc/6.1.5/spring-jdbc-6.1.5.jar:/home/joaoyutaka/.m2/repository/org/hibernate/orm/hibernate-core/6.4.4.Final/hibernate-core-6.4.4.Final.jar:/home/joaoyutaka/.m2/repository/jakarta/persistence/jakarta.persistence-api/3.1.0/jakarta.persistence-api-3.1.0.jar:/home/joaoyutaka/.m2/repository/jakarta/transaction/jakarta.transaction-api/2.0.1/jakarta.transaction-api-2.0.1.jar:/home/joaoyutaka/.m2/repository/org/jboss/logging/jboss-logging/3.5.3.Final/jboss-logging-3.5.3.Final.jar:/home/joaoyutaka/.m2/repository/org/hibernate/common/hibernate-commons-annotations/6.0.6.Final/hibernate-commons-annotations-6.0.6.Final.jar:/home/joaoyutaka/.m2/repository/io/smallrye/jandex/3.1.2/jandex-3.1.2.jar:/home/joaoyutaka/.m2/repository/com/fasterxml/classmate/1.6.0/classmate-1.6.0.jar:/home/joaoyutaka/.m2/repository/org/glassfish/jaxb/jaxb-runtime/4.0.5/jaxb-runtime-4.0.5.jar:/home/joaoyutaka/.m2/repository/org/glassfish/jaxb/jaxb-core/4.0.5/jaxb-core-4.0.5.jar:/home/joaoyutaka/.m2/repository/org/eclipse/angus/angus-activation/2.0.2/angus-activation-2.0.2.jar:/home/joaoyutaka/.m2/repository/org/glassfish/jaxb/txw2/4.0.5/txw2-4.0.5.jar:/home/joaoyutaka/.m2/repository/com/sun/istack/istack-commons-runtime/4.1.2/istack-commons-runtime-4.1.2.jar:/home/joaoyutaka/.m2/repository/jakarta/inject/jakarta.inject-api/2.0.1/jakarta.inject-api-2.0.1.jar:/home/joaoyutaka/.m2/repository/org/antlr/antlr4-runtime/4.13.0/antlr4-runtime-4.13.0.jar:/home/joaoyutaka/.m2/repository/org/springframework/data/spring-data-jpa/3.2.4/spring-data-jpa-3.2.4.jar:/home/joaoyutaka/.m2/repository/org/springframework/data/spring-data-commons/3.2.4/spring-data-commons-3.2.4.jar:/home/joaoyutaka/.m2/repository/org/springframework/spring-orm/6.1.5/spring-orm-6.1.5.jar:/home/joaoyutaka/.m2/repository/org/springframework/spring-tx/6.1.5/spring-tx-6.1.5.jar:/home/joaoyutaka/.m2/repository/org/springframework/spring-aspects/6.1.5/spring-aspects-6.1.5.jar:/home/joaoyutaka/.m2/repository/com/h2database/h2/2.2.224/h2-2.2.224.jar:/home/joaoyutaka/.m2/repository/mysql/mysql-connector-java/8.0.28/mysql-connector-java-8.0.28.jar:/home/joaoyutaka/.m2/repository/com/google/protobuf/protobuf-java/3.11.4/protobuf-java-3.11.4.jar
Launcher Type: SUN_STANDARD

[Global flags]
     intx CICompilerCount                          = 12                                        {product} {ergonomic}
     uint ConcGCThreads                            = 3                                         {product} {ergonomic}
     uint G1ConcRefinementThreads                  = 13                                        {product} {ergonomic}
   size_t G1HeapRegionSize                         = 1048576                                   {product} {ergonomic}
   size_t InitialHeapSize                          = 125829120                                 {product} {ergonomic}
   size_t MarkStackSize                            = 4194304                                   {product} {ergonomic}
   size_t MaxHeapSize                              = 2004877312                                {product} {ergonomic}
   size_t MaxNewSize                               = 1202716672                                {product} {ergonomic}
   size_t MinHeapDeltaBytes                        = 1048576                                   {product} {ergonomic}
   size_t MinHeapSize                              = 8388608                                   {product} {ergonomic}
    uintx NonNMethodCodeHeapSize                   = 4096                                   {pd product} {ergonomic}
    uintx NonProfiledCodeHeapSize                  = 0                                      {pd product} {ergonomic}
     bool ProfileInterpreter                       = false                                  {pd product} {command line}
    uintx ProfiledCodeHeapSize                     = 0                                      {pd product} {ergonomic}
   size_t SoftMaxHeapSize                          = 2004877312                             {manageable} {ergonomic}
     intx TieredStopAtLevel                        = 1                                         {product} {command line}
     bool UseCompressedOops                        = true                           {product lp64_product} {ergonomic}
     bool UseG1GC                                  = true                                      {product} {ergonomic}

Logging:
Log output configuration:
 #0: stdout all=warning uptime,level,tags foldmultilines=false
 #1: stderr all=off uptime,level,tags foldmultilines=false

Environment Variables:
JAVA_HOME=/home/joaoyutaka/java/jdk-22
PATH=/usr/local/sbin:/usr/local/bin:/usr/sbin:/usr/bin:/sbin:/bin:/usr/games:/usr/local/games:/usr/lib/wsl/lib:/mnt/c/Windows/system32:/mnt/c/Windows:/mnt/c/Windows/System32/Wbem:/mnt/c/Windows/System32/WindowsPowerShell/v1.0/:/mnt/c/Windows/System32/OpenSSH/:/mnt/c/Program Files (x86)/NVIDIA Corporation/PhysX/Common:/mnt/c/Program Files/NVIDIA Corporation/NVIDIA NvDLISR:/mnt/c/Program Files/Docker/Docker/resources/bin:/mnt/c/WINDOWS/system32:/mnt/c/WINDOWS:/mnt/c/WINDOWS/System32/Wbem:/mnt/c/WINDOWS/System32/WindowsPowerShell/v1.0/:/mnt/c/WINDOWS/System32/OpenSSH/:/mnt/c/Program Files/Git/cmd:/mnt/c/hadoop-3.2.1/bin:/mnt/c/Users/Joao Yutaka/AppData/Local/Microsoft/WindowsApps:/mnt/c/Users/Joao Yutaka/AppData/Local/Programs/Microsoft VS Code/bin:/usr/share/maven/bin:/home/joaoyutaka/java/jdk-22.0.0/bin:/usr/share/maven/bin:/home/joaoyutaka/java/jdk-22.0.0/bin:/usr/share/maven/bin:/home/joaoyutaka/java/jdk-22/bin:/usr/share/maven/bin:/home/joaoyutaka/java/jdk-22/bin:/usr/share/maven/bin:/home/joaoyutaka/java/jdk-22/bin:/usr/share/maven/bin:/home/joaoyutaka/java/jdk-22/bin:/usr/share/maven/bin:/home/joaoyutaka/java/jdk-22/bin:/usr/share/maven/bin:/home/joaoyutaka/java/jdk-22/bin:/usr/share/maven/bin:/home/joaoyutaka/java/jdk-22/bin:/usr/share/maven/bin:/home/joaoyutaka/java/jdk-22/bin:/usr/share/maven/bin:/home/joaoyutaka/java/jdk-22/bin:/usr/share/maven/bin:/home/joaoyutaka/java/jdk-22/bin:/usr/share/maven/bin:/home/joaoyutaka/java/jdk-22/bin
SHELL=/usr/bin/zsh
DISPLAY=:0
HOSTTYPE=x86_64
LANG=C.UTF-8
TERM=xterm-256color

Active Locale:
LC_ALL=C.UTF-8
LC_COLLATE=C.UTF-8
LC_CTYPE=C.UTF-8
LC_MESSAGES=C.UTF-8
LC_MONETARY=C.UTF-8
LC_NUMERIC=C.UTF-8
LC_TIME=C.UTF-8

Signal Handlers:
   SIGSEGV: crash_handler in libjvm.so, mask=11100100010111111101111111111110, flags=SA_RESTART|SA_SIGINFO, unblocked
    SIGBUS: crash_handler in libjvm.so, mask=11100100010111111101111111111110, flags=SA_RESTART|SA_SIGINFO, unblocked
    SIGFPE: crash_handler in libjvm.so, mask=11100100010111111101111111111110, flags=SA_RESTART|SA_SIGINFO, unblocked
   SIGPIPE: javaSignalHandler in libjvm.so, mask=11100100010111111101111111111110, flags=SA_RESTART|SA_SIGINFO, blocked
   SIGXFSZ: javaSignalHandler in libjvm.so, mask=11100100010111111101111111111110, flags=SA_RESTART|SA_SIGINFO, blocked
    SIGILL: crash_handler in libjvm.so, mask=11100100010111111101111111111110, flags=SA_RESTART|SA_SIGINFO, unblocked
   SIGUSR2: SR_handler in libjvm.so, mask=00000000000000000000000000000000, flags=SA_RESTART|SA_SIGINFO, blocked
    SIGHUP: UserHandler in libjvm.so, mask=11100100010111111101111111111110, flags=SA_RESTART|SA_SIGINFO, blocked
    SIGINT: SIG_IGN, mask=00000000000000000000000000000000, flags=none, blocked
   SIGTERM: UserHandler in libjvm.so, mask=11100100010111111101111111111110, flags=SA_RESTART|SA_SIGINFO, blocked
   SIGQUIT: UserHandler in libjvm.so, mask=11100100010111111101111111111110, flags=SA_RESTART|SA_SIGINFO, blocked
   SIGTRAP: crash_handler in libjvm.so, mask=11100100010111111101111111111110, flags=SA_RESTART|SA_SIGINFO, unblocked


Periodic native trim disabled

---------------  S Y S T E M  ---------------

OS:
DISTRIB_ID=Ubuntu
DISTRIB_RELEASE=22.04
DISTRIB_CODENAME=jammy
DISTRIB_DESCRIPTION="Ubuntu 22.04.3 LTS"
uname: Linux 5.15.133.1-microsoft-standard-WSL2 #1 SMP Thu Oct 5 21:02:42 UTC 2023 x86_64
OS uptime: 0 days 2:37 hours
libc: glibc 2.35 NPTL 2.35 
rlimit (soft/hard): STACK 8192k/infinity , CORE 0k/infinity , NPROC 30543/30543 , NOFILE 1048576/1048576 , AS infinity/infinity , CPU infinity/infinity , DATA infinity/infinity , FSIZE infinity/infinity , MEMLOCK 65536k/65536k
load average: 1.69 1.39 0.70

/proc/meminfo:
MemTotal:        7825732 kB
MemFree:         3802172 kB
MemAvailable:    6065356 kB
Buffers:          216676 kB
Cached:          2203052 kB
SwapCached:            0 kB
Active:           867432 kB
Inactive:        2655404 kB
Active(anon):       2412 kB
Inactive(anon):  1104056 kB
Active(file):     865020 kB
Inactive(file):  1551348 kB
Unevictable:           0 kB
Mlocked:               0 kB
SwapTotal:       2097152 kB
SwapFree:        2097152 kB
Dirty:               168 kB
Writeback:             0 kB
AnonPages:       1087912 kB
Mapped:           233604 kB
Shmem:              3360 kB
KReclaimable:     123800 kB
Slab:             209656 kB
SReclaimable:     123800 kB
SUnreclaim:        85856 kB
KernelStack:        6912 kB
PageTables:         7380 kB
NFS_Unstable:          0 kB
Bounce:                0 kB
WritebackTmp:          0 kB
CommitLimit:     6010016 kB
Committed_AS:    2167104 kB
VmallocTotal:   34359738367 kB
VmallocUsed:       29272 kB
VmallocChunk:          0 kB
Percpu:            14144 kB
AnonHugePages:    581632 kB
ShmemHugePages:        0 kB
ShmemPmdMapped:        0 kB
FileHugePages:         0 kB
FilePmdMapped:         0 kB
HugePages_Total:       0
HugePages_Free:        0
HugePages_Rsvd:        0
HugePages_Surp:        0
Hugepagesize:       2048 kB
Hugetlb:               0 kB
DirectMap4k:      148480 kB
DirectMap2M:     5828608 kB
DirectMap1G:    10485760 kB

/sys/kernel/mm/transparent_hugepage/enabled: [always] madvise never
/sys/kernel/mm/transparent_hugepage/shmem_enabled: always within_size advise [never] deny force
/sys/kernel/mm/transparent_hugepage/defrag (defrag/compaction efforts parameter): always defer defer+madvise [madvise] never

Process Memory:
Virtual Size: 6664844K (peak: 6726056K)
Resident Set Size: 208468K (peak: 208468K) (anon: 185084K, file: 23384K, shmem: 0K)
Swapped out: 0K
C-Heap outstanding allocations: 69689K, retained: 10114K
glibc malloc tunables: (default)

/proc/sys/kernel/threads-max (system-wide limit on the number of threads): 61087
/proc/sys/vm/max_map_count (maximum number of memory map areas a process may have): 65530
/proc/sys/kernel/pid_max (system-wide limit on number of process identifiers): 4194304

container (cgroup) information:
container_type: cgroupv1
cpu_cpuset_cpus: 0-15
cpu_memory_nodes: 0
active_processor_count: 16
cpu_quota: no quota
cpu_period: 100000
cpu_shares: no shares
memory_limit_in_bytes: unlimited
memory_and_swap_limit_in_bytes: unlimited
memory_soft_limit_in_bytes: unlimited
memory_usage_in_bytes: 3507688 k
memory_max_usage_in_bytes: 1293160 k
kernel_memory_usage_in_bytes: 30892 k
kernel_memory_max_usage_in_bytes: unlimited
kernel_memory_limit_in_bytes: 60140 k
maximum number of tasks: not supported
current number of tasks: not supported

Hyper-V virtualization detected
Steal ticks since vm start: 0
Steal ticks percentage since vm start:  0.000

CPU: total 16 (initial active 16) (16 cores per cpu, 2 threads per core) family 25 model 80 stepping 0 microcode 0xffffffff, cx8, cmov, fxsr, ht, mmx, 3dnowpref, sse, sse2, sse3, ssse3, sse4a, sse4.1, sse4.2, popcnt, lzcnt, tsc, tscinvbit, avx, avx2, aes, erms, clmul, bmi1, bmi2, adx, sha, fma, vzeroupper, clflush, clflushopt, hv, rdtscp, rdpid, fsrm, f16c, cet_ss
CPU Model and flags from /proc/cpuinfo:
model name	: AMD Ryzen 7 5800HS with Radeon Graphics
flags		: fpu vme de pse tsc msr pae mce cx8 apic sep mtrr pge mca cmov pat pse36 clflush mmx fxsr sse sse2 ht syscall nx mmxext fxsr_opt pdpe1gb rdtscp lm constant_tsc rep_good nopl tsc_reliable nonstop_tsc cpuid extd_apicid pni pclmulqdq ssse3 fma cx16 sse4_1 sse4_2 movbe popcnt aes xsave avx f16c rdrand hypervisor lahf_lm cmp_legacy svm cr8_legacy abm sse4a misalignsse 3dnowprefetch osvw topoext perfctr_core ssbd ibrs ibpb stibp vmmcall fsgsbase bmi1 avx2 smep bmi2 erms invpcid rdseed adx smap clflushopt clwb sha_ni xsaveopt xsavec xgetbv1 xsaves clzero xsaveerptr arat npt nrip_save tsc_scale vmcb_clean flushbyasid decodeassists pausefilter pfthreshold v_vmsave_vmload umip vaes vpclmulqdq rdpid fsrm

Online cpus: 0-15
Offline cpus: 
BIOS frequency limitation: <Not Available>
Frequency switch latency (ns): <Not Available>
Available cpu frequencies: <Not Available>
Current governor: <Not Available>
Core performance/turbo boost: <Not Available>

Memory: 4k page, physical 7825732k(6065356k free), swap 2097152k(2097152k free)
Page Sizes: 4k

vm_info: Java HotSpot(TM) 64-Bit Server VM (22+36-2370) for linux-amd64 JRE (22+36-2370), built on 2024-02-15T22:15:19Z by "mach5one" with gcc 13.2.0

END.
